<?xml version="1.0" encoding="UTF-8"?>
<!-- Generated by org.testng.reporters.JUnitXMLReporter -->
<testsuite ignored="0" hostname="DESKTOP-E58OIO1" failures="4" tests="30" name="POM Test" time="444.058" errors="0" timestamp="2022-03-28T14:13:27 GMT-04:00">
  <testcase classname="com.pom.qa.testcases.LoginPageTest" name="CorrectEmailwrongPwdTest" time="1.984"/>
  <testcase classname="com.pom.qa.testcases.LoginPageTest" name="LoginFromKeyboard" time="3.005"/>
  <testcase classname="com.pom.qa.testcases.LoginPageTest" name="LoginWithIncorrectData" time="1.038"/>
  <testcase classname="com.pom.qa.testcases.LoginPageTest" name="SuccessfulLogInTest" time="2.333"/>
  <testcase classname="com.pom.qa.testcases.LoginPageTest" name="WronEmailcorrectPwdTest" time="1.942"/>
  <testcase classname="com.pom.qa.testcases.LoginPageTest" name="correctEmailemptyPwdTest" time="6.451"/>
  <testcase classname="com.pom.qa.testcases.LoginPageTest" name="emailboxpresenttest" time="0.059"/>
  <testcase classname="com.pom.qa.testcases.LoginPageTest" name="emptyEmailEmptyPwdTest" time="3.586">
    <failure type="java.lang.AssertionError" message="expected [An email address required.] but found [Invalid email address.]">
      <![CDATA[java.lang.AssertionError: expected [An email address required.] but found [Invalid email address.]
at com.pom.qa.testcases.LoginPageTest.emptyEmailEmptyPwdTest(LoginPageTest.java:125)
at java.base/java.util.ArrayList.forEach(ArrayList.java:1511)
... Removed 33 stack frames]]>
    </failure>
  </testcase> <!-- emptyEmailEmptyPwdTest -->
  <testcase classname="com.pom.qa.testcases.LoginPageTest" name="emptyEmailcorrectPwdTest" time="1.473"/>
  <testcase classname="com.pom.qa.testcases.LoginPageTest" name="emptyEmailinvalidPwdTest" time="3.161">
    <failure type="java.lang.AssertionError" message="expected [An email address required.] but found [Invalid email address.]">
      <![CDATA[java.lang.AssertionError: expected [An email address required.] but found [Invalid email address.]
at com.pom.qa.testcases.LoginPageTest.emptyEmailinvalidPwdTest(LoginPageTest.java:131)
at java.base/java.util.ArrayList.forEach(ArrayList.java:1511)
... Removed 33 stack frames]]>
    </failure>
  </testcase> <!-- emptyEmailinvalidPwdTest -->
  <testcase classname="com.pom.qa.testcases.LoginPageTest" name="emptyEmailwronPwdTest" time="3.408"/>
  <testcase classname="com.pom.qa.testcases.LoginPageTest" name="forgotpwdLinkTest" time="7.175"/>
  <testcase classname="com.pom.qa.testcases.LoginPageTest" name="invalidEmaiemptyPwdTest" time="9.523"/>
  <testcase classname="com.pom.qa.testcases.LoginPageTest" name="invalidEmailcorrectPwdTest" time="10.749"/>
  <testcase classname="com.pom.qa.testcases.LoginPageTest" name="invalidEmailwronPwdTest" time="11.406"/>
  <testcase classname="com.pom.qa.testcases.LoginPageTest" name="loginTitleTest" time="0.007"/>
  <testcase classname="com.pom.qa.testcases.LoginPageTest" name="loginWithEnterbtnCorrectEmailemptypwdTest" time="10.487">
    <failure type="org.openqa.selenium.NoSuchElementException" message="no such element: Unable to locate element: {&amp;quot;method&amp;quot;:&amp;quot;xpath&amp;quot;,&amp;quot;selector&amp;quot;:&amp;quot;//div[@class=&amp;apos;alert alert-danger&amp;apos;]/ol/li&amp;quot;}
  (Session info: chrome=99.0.4844.84)
For documentation on this error, please visit: https://selenium.dev/exceptions/#no_such_element
Build info: version: &amp;apos;4.1.2&amp;apos;, revision: &amp;apos;9a5a329c5a&amp;apos;
System info: host: &amp;apos;DESKTOP-E58OIO1&amp;apos;, ip: &amp;apos;192.168.0.172&amp;apos;, os.name: &amp;apos;Windows 10&amp;apos;, os.arch: &amp;apos;amd64&amp;apos;, os.version: &amp;apos;10.0&amp;apos;, java.version: &amp;apos;15.0.1&amp;apos;
Driver info: org.openqa.selenium.chrome.ChromeDriver
Command: [83e008a0b7d398b7f118a7a41772e6ad, findElement {using=xpath, value=//div[@class=&amp;apos;alert alert-danger&amp;apos;]/ol/li}]
Capabilities {acceptInsecureCerts: false, browserName: chrome, browserVersion: 99.0.4844.84, chrome: {chromedriverVersion: 99.0.4844.51 (d537ec02474b5..., userDataDir: C:\Users\HPWORL~1\AppData\L...}, goog:chromeOptions: {debuggerAddress: localhost:52643}, javascriptEnabled: true, networkConnectionEnabled: false, pageLoadStrategy: normal, platform: WINDOWS, platformName: WINDOWS, proxy: Proxy(), se:cdp: ws://localhost:52643/devtoo..., se:cdpVersion: 99.0.4844.84, setWindowRect: true, strictFileInteractability: false, timeouts: {implicit: 0, pageLoad: 300000, script: 30000}, unhandledPromptBehavior: dismiss and notify, webauthn:extension:credBlob: true, webauthn:extension:largeBlob: true, webauthn:virtualAuthenticators: true}
Session ID: 83e008a0b7d398b7f118a7a41772e6ad">
      <![CDATA[org.openqa.selenium.NoSuchElementException: no such element: Unable to locate element: {"method":"xpath","selector":"//div[@class='alert alert-danger']/ol/li"}
  (Session info: chrome=99.0.4844.84)
For documentation on this error, please visit: https://selenium.dev/exceptions/#no_such_element
Build info: version: '4.1.2', revision: '9a5a329c5a'
System info: host: 'DESKTOP-E58OIO1', ip: '192.168.0.172', os.name: 'Windows 10', os.arch: 'amd64', os.version: '10.0', java.version: '15.0.1'
Driver info: org.openqa.selenium.chrome.ChromeDriver
Command: [83e008a0b7d398b7f118a7a41772e6ad, findElement {using=xpath, value=//div[@class='alert alert-danger']/ol/li}]
Capabilities {acceptInsecureCerts: false, browserName: chrome, browserVersion: 99.0.4844.84, chrome: {chromedriverVersion: 99.0.4844.51 (d537ec02474b5..., userDataDir: C:\Users\HPWORL~1\AppData\L...}, goog:chromeOptions: {debuggerAddress: localhost:52643}, javascriptEnabled: true, networkConnectionEnabled: false, pageLoadStrategy: normal, platform: WINDOWS, platformName: WINDOWS, proxy: Proxy(), se:cdp: ws://localhost:52643/devtoo..., se:cdpVersion: 99.0.4844.84, setWindowRect: true, strictFileInteractability: false, timeouts: {implicit: 0, pageLoad: 300000, script: 30000}, unhandledPromptBehavior: dismiss and notify, webauthn:extension:credBlob: true, webauthn:extension:largeBlob: true, webauthn:virtualAuthenticators: true}
Session ID: 83e008a0b7d398b7f118a7a41772e6ad
at org.openqa.selenium.remote.codec.w3c.W3CHttpResponseCodec.createException(W3CHttpResponseCodec.java:200)
at org.openqa.selenium.remote.codec.w3c.W3CHttpResponseCodec.decode(W3CHttpResponseCodec.java:133)
at org.openqa.selenium.remote.codec.w3c.W3CHttpResponseCodec.decode(W3CHttpResponseCodec.java:53)
at org.openqa.selenium.remote.HttpCommandExecutor.execute(HttpCommandExecutor.java:184)
at org.openqa.selenium.remote.service.DriverCommandExecutor.invokeExecute(DriverCommandExecutor.java:167)
at org.openqa.selenium.remote.service.DriverCommandExecutor.execute(DriverCommandExecutor.java:142)
at org.openqa.selenium.remote.RemoteWebDriver.execute(RemoteWebDriver.java:558)
at org.openqa.selenium.remote.ElementLocation$ElementFinder$2.findElement(ElementLocation.java:162)
at org.openqa.selenium.remote.ElementLocation.findElement(ElementLocation.java:60)
at org.openqa.selenium.remote.RemoteWebDriver.findElement(RemoteWebDriver.java:382)
at org.openqa.selenium.remote.RemoteWebDriver.findElement(RemoteWebDriver.java:374)
at org.openqa.selenium.support.pagefactory.DefaultElementLocator.findElement(DefaultElementLocator.java:70)
at org.openqa.selenium.support.pagefactory.internal.LocatingElementHandler.invoke(LocatingElementHandler.java:39)
at com.sun.proxy.$Proxy17.getText(Unknown Source)
at com.pom.qa.pages.LoginPage.errorMsgVerify(LoginPage.java:135)
at com.pom.qa.testcases.LoginPageTest.loginWithEnterbtnCorrectEmailemptypwdTest(LoginPageTest.java:143)
at java.base/java.util.ArrayList.forEach(ArrayList.java:1511)
... Removed 32 stack frames]]>
    </failure>
  </testcase> <!-- loginWithEnterbtnCorrectEmailemptypwdTest -->
  <testcase classname="com.pom.qa.testcases.LoginPageTest" name="pwdboxPresentTest" time="0.078"/>
  <testcase classname="com.pom.qa.testcases.LoginPageTest" name="registerlinkTextTest" time="10.016">
    <failure type="org.openqa.selenium.NoSuchElementException" message="no such element: Unable to locate element: {&amp;quot;method&amp;quot;:&amp;quot;xpath&amp;quot;,&amp;quot;selector&amp;quot;:&amp;quot;//h3[contains(text(),&amp;apos;Already registered?&amp;apos;)]&amp;quot;}
  (Session info: chrome=99.0.4844.84)
For documentation on this error, please visit: https://selenium.dev/exceptions/#no_such_element
Build info: version: &amp;apos;4.1.2&amp;apos;, revision: &amp;apos;9a5a329c5a&amp;apos;
System info: host: &amp;apos;DESKTOP-E58OIO1&amp;apos;, ip: &amp;apos;192.168.0.172&amp;apos;, os.name: &amp;apos;Windows 10&amp;apos;, os.arch: &amp;apos;amd64&amp;apos;, os.version: &amp;apos;10.0&amp;apos;, java.version: &amp;apos;15.0.1&amp;apos;
Driver info: org.openqa.selenium.chrome.ChromeDriver
Command: [4402bb1784ccdcea2c31605e32975f62, findElement {using=xpath, value=//h3[contains(text(),&amp;apos;Already registered?&amp;apos;)]}]
Capabilities {acceptInsecureCerts: false, browserName: chrome, browserVersion: 99.0.4844.84, chrome: {chromedriverVersion: 99.0.4844.51 (d537ec02474b5..., userDataDir: C:\Users\HPWORL~1\AppData\L...}, goog:chromeOptions: {debuggerAddress: localhost:52691}, javascriptEnabled: true, networkConnectionEnabled: false, pageLoadStrategy: normal, platform: WINDOWS, platformName: WINDOWS, proxy: Proxy(), se:cdp: ws://localhost:52691/devtoo..., se:cdpVersion: 99.0.4844.84, setWindowRect: true, strictFileInteractability: false, timeouts: {implicit: 0, pageLoad: 300000, script: 30000}, unhandledPromptBehavior: dismiss and notify, webauthn:extension:credBlob: true, webauthn:extension:largeBlob: true, webauthn:virtualAuthenticators: true}
Session ID: 4402bb1784ccdcea2c31605e32975f62">
      <![CDATA[org.openqa.selenium.NoSuchElementException: no such element: Unable to locate element: {"method":"xpath","selector":"//h3[contains(text(),'Already registered?')]"}
  (Session info: chrome=99.0.4844.84)
For documentation on this error, please visit: https://selenium.dev/exceptions/#no_such_element
Build info: version: '4.1.2', revision: '9a5a329c5a'
System info: host: 'DESKTOP-E58OIO1', ip: '192.168.0.172', os.name: 'Windows 10', os.arch: 'amd64', os.version: '10.0', java.version: '15.0.1'
Driver info: org.openqa.selenium.chrome.ChromeDriver
Command: [4402bb1784ccdcea2c31605e32975f62, findElement {using=xpath, value=//h3[contains(text(),'Already registered?')]}]
Capabilities {acceptInsecureCerts: false, browserName: chrome, browserVersion: 99.0.4844.84, chrome: {chromedriverVersion: 99.0.4844.51 (d537ec02474b5..., userDataDir: C:\Users\HPWORL~1\AppData\L...}, goog:chromeOptions: {debuggerAddress: localhost:52691}, javascriptEnabled: true, networkConnectionEnabled: false, pageLoadStrategy: normal, platform: WINDOWS, platformName: WINDOWS, proxy: Proxy(), se:cdp: ws://localhost:52691/devtoo..., se:cdpVersion: 99.0.4844.84, setWindowRect: true, strictFileInteractability: false, timeouts: {implicit: 0, pageLoad: 300000, script: 30000}, unhandledPromptBehavior: dismiss and notify, webauthn:extension:credBlob: true, webauthn:extension:largeBlob: true, webauthn:virtualAuthenticators: true}
Session ID: 4402bb1784ccdcea2c31605e32975f62
at org.openqa.selenium.remote.codec.w3c.W3CHttpResponseCodec.createException(W3CHttpResponseCodec.java:200)
at org.openqa.selenium.remote.codec.w3c.W3CHttpResponseCodec.decode(W3CHttpResponseCodec.java:133)
at org.openqa.selenium.remote.codec.w3c.W3CHttpResponseCodec.decode(W3CHttpResponseCodec.java:53)
at org.openqa.selenium.remote.HttpCommandExecutor.execute(HttpCommandExecutor.java:184)
at org.openqa.selenium.remote.service.DriverCommandExecutor.invokeExecute(DriverCommandExecutor.java:167)
at org.openqa.selenium.remote.service.DriverCommandExecutor.execute(DriverCommandExecutor.java:142)
at org.openqa.selenium.remote.RemoteWebDriver.execute(RemoteWebDriver.java:558)
at org.openqa.selenium.remote.ElementLocation$ElementFinder$2.findElement(ElementLocation.java:162)
at org.openqa.selenium.remote.ElementLocation.findElement(ElementLocation.java:60)
at org.openqa.selenium.remote.RemoteWebDriver.findElement(RemoteWebDriver.java:382)
at org.openqa.selenium.remote.RemoteWebDriver.findElement(RemoteWebDriver.java:374)
at org.openqa.selenium.support.pagefactory.DefaultElementLocator.findElement(DefaultElementLocator.java:70)
at org.openqa.selenium.support.pagefactory.internal.LocatingElementHandler.invoke(LocatingElementHandler.java:39)
at com.sun.proxy.$Proxy17.getText(Unknown Source)
at com.pom.qa.pages.LoginPage.reglinkText(LoginPage.java:53)
at com.pom.qa.testcases.LoginPageTest.registerlinkTextTest(LoginPageTest.java:38)
at java.base/java.util.ArrayList.forEach(ArrayList.java:1511)
... Removed 32 stack frames]]>
    </failure>
  </testcase> <!-- registerlinkTextTest -->
  <testcase classname="com.pom.qa.testcases.LoginPageTest" name="reglinkDispalyedTest" time="0.093"/>
  <testcase classname="com.pom.qa.testcases.LoginPageTest" name="signinbtnEnableTest" time="0.032"/>
  <testcase classname="com.pom.qa.testcases.LoginPageTest" name="verifyForgotPwdTest" time="0.082"/>
  <testcase classname="com.pom.qa.testcases.LoginPageTest" name="wronEmailemtyPwdTest" time="9.495"/>
  <testcase classname="com.pom.qa.testcases.ForgotPwPageTest" name="BackButtonverify" time="0.039"/>
  <testcase classname="com.pom.qa.testcases.ForgotPwPageTest" name="emailboxverify" time="0.04"/>
  <testcase classname="com.pom.qa.testcases.ForgotPwPageTest" name="forgotpwstextverify" time="0.036"/>
  <testcase classname="com.pom.qa.testcases.HomePageTest" name="homepagetitle" time="0.007"/>
  <testcase classname="com.pom.qa.testcases.HomePageTest" name="logoPresenttest" time="0.044"/>
  <testcase classname="com.pom.qa.testcases.HomePageTest" name="signoutbtntest" time="0.045"/>
  <testcase classname="com.pom.qa.testcases.HomePageTest" name="verifyUsername" time="0.049"/>
</testsuite> <!-- POM Test -->
