<html>
<head>
<title>TestNG:  POM Test</title>
<link href="../testng.css" rel="stylesheet" type="text/css" />
<link href="../my-testng.css" rel="stylesheet" type="text/css" />

<style type="text/css">
.log { display: none;} 
.stack-trace { display: none;} 
</style>
<script type="text/javascript">
<!--
function flip(e) {
  current = e.style.display;
  if (current == 'block') {
    e.style.display = 'none';
    return 0;
  }
  else {
    e.style.display = 'block';
    return 1;
  }
}

function toggleBox(szDivId, elem, msg1, msg2)
{
  var res = -1;  if (document.getElementById) {
    res = flip(document.getElementById(szDivId));
  }
  else if (document.all) {
    // this is the way old msie versions work
    res = flip(document.all[szDivId]);
  }
  if(elem) {
    if(res == 0) elem.innerHTML = msg1; else elem.innerHTML = msg2;
  }

}

function toggleAllBoxes() {
  if (document.getElementsByTagName) {
    d = document.getElementsByTagName('div');
    for (i = 0; i < d.length; i++) {
      if (d[i].className == 'log') {
        flip(d[i]);
      }
    }
  }
}

// -->
</script>

</head>
<body>
<h2 align='center'>POM Test</h2><table border='1' align="center">
<tr>
<td>Tests passed/Failed/Skipped:</td><td>26/4/0</td>
</tr><tr>
<td>Started on:</td><td>Mon Mar 28 14:06:02 EDT 2022</td>
</tr>
<tr><td>Total time:</td><td>444 seconds (444058 ms)</td>
</tr><tr>
<td>Included groups:</td><td></td>
</tr><tr>
<td>Excluded groups:</td><td></td>
</tr>
</table><p/>
<small><i>(Hover the method name to see the test class name)</i></small><p/>
<table width='100%' border='1' class='invocation-failed'>
<tr><td colspan='4' align='center'><b>FAILED TESTS</b></td></tr>
<tr><td><b>Test method</b></td>
<td width="30%"><b>Exception</b></td>
<td width="10%"><b>Time (seconds)</b></td>
<td><b>Instance</b></td>
</tr>
<tr>
<td title='com.pom.qa.testcases.LoginPageTest.loginWithEnterbtnCorrectEmailemptypwdTest()'><b>loginWithEnterbtnCorrectEmailemptypwdTest</b><br>Test class: com.pom.qa.testcases.LoginPageTest</td>
<td><div><pre>org.openqa.selenium.NoSuchElementException: no such element: Unable to locate element: {&quot;method&quot;:&quot;xpath&quot;,&quot;selector&quot;:&quot;//div[@class=&apos;alert alert-danger&apos;]/ol/li&quot;}
  (Session info: chrome=99.0.4844.84)
For documentation on this error, please visit: https://selenium.dev/exceptions/#no_such_element
Build info: version: &apos;4.1.2&apos;, revision: &apos;9a5a329c5a&apos;
System info: host: &apos;DESKTOP-E58OIO1&apos;, ip: &apos;192.168.0.172&apos;, os.name: &apos;Windows 10&apos;, os.arch: &apos;amd64&apos;, os.version: &apos;10.0&apos;, java.version: &apos;15.0.1&apos;
Driver info: org.openqa.selenium.chrome.ChromeDriver
Command: [83e008a0b7d398b7f118a7a41772e6ad, findElement {using=xpath, value=//div[@class=&apos;alert alert-danger&apos;]/ol/li}]
Capabilities {acceptInsecureCerts: false, browserName: chrome, browserVersion: 99.0.4844.84, chrome: {chromedriverVersion: 99.0.4844.51 (d537ec02474b5..., userDataDir: C:\Users\HPWORL~1\AppData\L...}, goog:chromeOptions: {debuggerAddress: localhost:52643}, javascriptEnabled: true, networkConnectionEnabled: false, pageLoadStrategy: normal, platform: WINDOWS, platformName: WINDOWS, proxy: Proxy(), se:cdp: ws://localhost:52643/devtoo..., se:cdpVersion: 99.0.4844.84, setWindowRect: true, strictFileInteractability: false, timeouts: {implicit: 0, pageLoad: 300000, script: 30000}, unhandledPromptBehavior: dismiss and notify, webauthn:extension:credBlob: true, webauthn:extension:largeBlob: true, webauthn:virtualAuthenticators: true}
Session ID: 83e008a0b7d398b7f118a7a41772e6ad
	at org.openqa.selenium.remote.codec.w3c.W3CHttpResponseCodec.createException(W3CHttpResponseCodec.java:200)
	at org.openqa.selenium.remote.codec.w3c.W3CHttpResponseCodec.decode(W3CHttpResponseCodec.java:133)
	at org.openqa.selenium.remote.codec.w3c.W3CHttpResponseCodec.decode(W3CHttpResponseCodec.java:53)
	at org.openqa.selenium.remote.HttpCommandExecutor.execute(HttpCommandExecutor.java:184)
	at org.openqa.selenium.remote.service.DriverCommandExecutor.invokeExecute(DriverCommandExecutor.java:167)
	at org.openqa.selenium.remote.service.DriverCommandExecutor.execute(DriverCommandExecutor.java:142)
	at org.openqa.selenium.remote.RemoteWebDriver.execute(RemoteWebDriver.java:558)
	at org.openqa.selenium.remote.ElementLocation$ElementFinder$2.findElement(ElementLocation.java:162)
	at org.openqa.selenium.remote.ElementLocation.findElement(ElementLocation.java:60)
	at org.openqa.selenium.remote.RemoteWebDriver.findElement(RemoteWebDriver.java:382)
	at org.openqa.selenium.remote.RemoteWebDriver.findElement(RemoteWebDriver.java:374)
	at org.openqa.selenium.support.pagefactory.DefaultElementLocator.findElement(DefaultElementLocator.java:70)
	at org.openqa.selenium.support.pagefactory.internal.LocatingElementHandler.invoke(LocatingElementHandler.java:39)
	at com.sun.proxy.$Proxy17.getText(Unknown Source)
	at com.pom.qa.pages.LoginPage.errorMsgVerify(LoginPage.java:135)
	at com.pom.qa.testcases.LoginPageTest.loginWithEnterbtnCorrectEmailemptypwdTest(LoginPageTest.java:143)
	at java.base/java.util.ArrayList.forEach(ArrayList.java:1511)
... Removed 32 stack frames</pre></div><a href='#' onClick='toggleBox("stack-trace2043313130", this, "Click to show all stack frames", "Click to hide stack frames")'>Click to show all stack frames</a>
<div class='stack-trace' id='stack-trace2043313130'><pre>org.openqa.selenium.NoSuchElementException: no such element: Unable to locate element: {&quot;method&quot;:&quot;xpath&quot;,&quot;selector&quot;:&quot;//div[@class=&apos;alert alert-danger&apos;]/ol/li&quot;}
  (Session info: chrome=99.0.4844.84)
For documentation on this error, please visit: https://selenium.dev/exceptions/#no_such_element
Build info: version: &apos;4.1.2&apos;, revision: &apos;9a5a329c5a&apos;
System info: host: &apos;DESKTOP-E58OIO1&apos;, ip: &apos;192.168.0.172&apos;, os.name: &apos;Windows 10&apos;, os.arch: &apos;amd64&apos;, os.version: &apos;10.0&apos;, java.version: &apos;15.0.1&apos;
Driver info: org.openqa.selenium.chrome.ChromeDriver
Command: [83e008a0b7d398b7f118a7a41772e6ad, findElement {using=xpath, value=//div[@class=&apos;alert alert-danger&apos;]/ol/li}]
Capabilities {acceptInsecureCerts: false, browserName: chrome, browserVersion: 99.0.4844.84, chrome: {chromedriverVersion: 99.0.4844.51 (d537ec02474b5..., userDataDir: C:\Users\HPWORL~1\AppData\L...}, goog:chromeOptions: {debuggerAddress: localhost:52643}, javascriptEnabled: true, networkConnectionEnabled: false, pageLoadStrategy: normal, platform: WINDOWS, platformName: WINDOWS, proxy: Proxy(), se:cdp: ws://localhost:52643/devtoo..., se:cdpVersion: 99.0.4844.84, setWindowRect: true, strictFileInteractability: false, timeouts: {implicit: 0, pageLoad: 300000, script: 30000}, unhandledPromptBehavior: dismiss and notify, webauthn:extension:credBlob: true, webauthn:extension:largeBlob: true, webauthn:virtualAuthenticators: true}
Session ID: 83e008a0b7d398b7f118a7a41772e6ad
	at java.base/jdk.internal.reflect.NativeConstructorAccessorImpl.newInstance0(Native Method)
	at java.base/jdk.internal.reflect.NativeConstructorAccessorImpl.newInstance(NativeConstructorAccessorImpl.java:64)
	at java.base/jdk.internal.reflect.DelegatingConstructorAccessorImpl.newInstance(DelegatingConstructorAccessorImpl.java:45)
	at java.base/java.lang.reflect.Constructor.newInstanceWithCaller(Constructor.java:500)
	at java.base/java.lang.reflect.Constructor.newInstance(Constructor.java:481)
	at org.openqa.selenium.remote.codec.w3c.W3CHttpResponseCodec.createException(W3CHttpResponseCodec.java:200)
	at org.openqa.selenium.remote.codec.w3c.W3CHttpResponseCodec.decode(W3CHttpResponseCodec.java:133)
	at org.openqa.selenium.remote.codec.w3c.W3CHttpResponseCodec.decode(W3CHttpResponseCodec.java:53)
	at org.openqa.selenium.remote.HttpCommandExecutor.execute(HttpCommandExecutor.java:184)
	at org.openqa.selenium.remote.service.DriverCommandExecutor.invokeExecute(DriverCommandExecutor.java:167)
	at org.openqa.selenium.remote.service.DriverCommandExecutor.execute(DriverCommandExecutor.java:142)
	at org.openqa.selenium.remote.RemoteWebDriver.execute(RemoteWebDriver.java:558)
	at org.openqa.selenium.remote.ElementLocation$ElementFinder$2.findElement(ElementLocation.java:162)
	at org.openqa.selenium.remote.ElementLocation.findElement(ElementLocation.java:60)
	at org.openqa.selenium.remote.RemoteWebDriver.findElement(RemoteWebDriver.java:382)
	at org.openqa.selenium.remote.RemoteWebDriver.findElement(RemoteWebDriver.java:374)
	at org.openqa.selenium.support.pagefactory.DefaultElementLocator.findElement(DefaultElementLocator.java:70)
	at org.openqa.selenium.support.pagefactory.internal.LocatingElementHandler.invoke(LocatingElementHandler.java:39)
	at com.sun.proxy.$Proxy17.getText(Unknown Source)
	at com.pom.qa.pages.LoginPage.errorMsgVerify(LoginPage.java:135)
	at com.pom.qa.testcases.LoginPageTest.loginWithEnterbtnCorrectEmailemptypwdTest(LoginPageTest.java:143)
	at java.base/jdk.internal.reflect.NativeMethodAccessorImpl.invoke0(Native Method)
	at java.base/jdk.internal.reflect.NativeMethodAccessorImpl.invoke(NativeMethodAccessorImpl.java:64)
	at java.base/jdk.internal.reflect.DelegatingMethodAccessorImpl.invoke(DelegatingMethodAccessorImpl.java:43)
	at java.base/java.lang.reflect.Method.invoke(Method.java:564)
	at org.testng.internal.invokers.MethodInvocationHelper.invokeMethod(MethodInvocationHelper.java:135)
	at org.testng.internal.invokers.TestInvoker.invokeMethod(TestInvoker.java:673)
	at org.testng.internal.invokers.TestInvoker.invokeTestMethod(TestInvoker.java:220)
	at org.testng.internal.invokers.MethodRunner.runInSequence(MethodRunner.java:50)
	at org.testng.internal.invokers.TestInvoker$MethodInvocationAgent.invoke(TestInvoker.java:945)
	at org.testng.internal.invokers.TestInvoker.invokeTestMethods(TestInvoker.java:193)
	at org.testng.internal.invokers.TestMethodWorker.invokeTestMethods(TestMethodWorker.java:146)
	at org.testng.internal.invokers.TestMethodWorker.run(TestMethodWorker.java:128)
	at java.base/java.util.ArrayList.forEach(ArrayList.java:1511)
	at org.testng.TestRunner.privateRun(TestRunner.java:808)
	at org.testng.TestRunner.run(TestRunner.java:603)
	at org.testng.SuiteRunner.runTest(SuiteRunner.java:429)
	at org.testng.SuiteRunner.runSequentially(SuiteRunner.java:423)
	at org.testng.SuiteRunner.privateRun(SuiteRunner.java:383)
	at org.testng.SuiteRunner.run(SuiteRunner.java:326)
	at org.testng.SuiteRunnerWorker.runSuite(SuiteRunnerWorker.java:52)
	at org.testng.SuiteRunnerWorker.run(SuiteRunnerWorker.java:95)
	at org.testng.TestNG.runSuitesSequentially(TestNG.java:1249)
	at org.testng.TestNG.runSuitesLocally(TestNG.java:1169)
	at org.testng.TestNG.runSuites(TestNG.java:1092)
	at org.testng.TestNG.run(TestNG.java:1060)
	at org.testng.remote.AbstractRemoteTestNG.run(AbstractRemoteTestNG.java:115)
	at org.testng.remote.RemoteTestNG.initAndRun(RemoteTestNG.java:251)
	at org.testng.remote.RemoteTestNG.main(RemoteTestNG.java:77)
</pre></div></td>
<td>10</td>
<td>com.pom.qa.testcases.LoginPageTest@771a660</td></tr>
<tr>
<td title='com.pom.qa.testcases.LoginPageTest.emptyEmailinvalidPwdTest()'><b>emptyEmailinvalidPwdTest</b><br>Test class: com.pom.qa.testcases.LoginPageTest</td>
<td><div><pre>java.lang.AssertionError: expected [An email address required.] but found [Invalid email address.]
	at com.pom.qa.testcases.LoginPageTest.emptyEmailinvalidPwdTest(LoginPageTest.java:131)
	at java.base/java.util.ArrayList.forEach(ArrayList.java:1511)
... Removed 33 stack frames</pre></div><a href='#' onClick='toggleBox("stack-trace1442707449", this, "Click to show all stack frames", "Click to hide stack frames")'>Click to show all stack frames</a>
<div class='stack-trace' id='stack-trace1442707449'><pre>java.lang.AssertionError: expected [An email address required.] but found [Invalid email address.]
	at org.testng.Assert.fail(Assert.java:110)
	at org.testng.Assert.failNotEquals(Assert.java:1413)
	at org.testng.Assert.assertEqualsImpl(Assert.java:149)
	at org.testng.Assert.assertEquals(Assert.java:131)
	at org.testng.Assert.assertEquals(Assert.java:655)
	at org.testng.Assert.assertEquals(Assert.java:665)
	at com.pom.qa.testcases.LoginPageTest.emptyEmailinvalidPwdTest(LoginPageTest.java:131)
	at java.base/jdk.internal.reflect.NativeMethodAccessorImpl.invoke0(Native Method)
	at java.base/jdk.internal.reflect.NativeMethodAccessorImpl.invoke(NativeMethodAccessorImpl.java:64)
	at java.base/jdk.internal.reflect.DelegatingMethodAccessorImpl.invoke(DelegatingMethodAccessorImpl.java:43)
	at java.base/java.lang.reflect.Method.invoke(Method.java:564)
	at org.testng.internal.invokers.MethodInvocationHelper.invokeMethod(MethodInvocationHelper.java:135)
	at org.testng.internal.invokers.TestInvoker.invokeMethod(TestInvoker.java:673)
	at org.testng.internal.invokers.TestInvoker.invokeTestMethod(TestInvoker.java:220)
	at org.testng.internal.invokers.MethodRunner.runInSequence(MethodRunner.java:50)
	at org.testng.internal.invokers.TestInvoker$MethodInvocationAgent.invoke(TestInvoker.java:945)
	at org.testng.internal.invokers.TestInvoker.invokeTestMethods(TestInvoker.java:193)
	at org.testng.internal.invokers.TestMethodWorker.invokeTestMethods(TestMethodWorker.java:146)
	at org.testng.internal.invokers.TestMethodWorker.run(TestMethodWorker.java:128)
	at java.base/java.util.ArrayList.forEach(ArrayList.java:1511)
	at org.testng.TestRunner.privateRun(TestRunner.java:808)
	at org.testng.TestRunner.run(TestRunner.java:603)
	at org.testng.SuiteRunner.runTest(SuiteRunner.java:429)
	at org.testng.SuiteRunner.runSequentially(SuiteRunner.java:423)
	at org.testng.SuiteRunner.privateRun(SuiteRunner.java:383)
	at org.testng.SuiteRunner.run(SuiteRunner.java:326)
	at org.testng.SuiteRunnerWorker.runSuite(SuiteRunnerWorker.java:52)
	at org.testng.SuiteRunnerWorker.run(SuiteRunnerWorker.java:95)
	at org.testng.TestNG.runSuitesSequentially(TestNG.java:1249)
	at org.testng.TestNG.runSuitesLocally(TestNG.java:1169)
	at org.testng.TestNG.runSuites(TestNG.java:1092)
	at org.testng.TestNG.run(TestNG.java:1060)
	at org.testng.remote.AbstractRemoteTestNG.run(AbstractRemoteTestNG.java:115)
	at org.testng.remote.RemoteTestNG.initAndRun(RemoteTestNG.java:251)
	at org.testng.remote.RemoteTestNG.main(RemoteTestNG.java:77)
</pre></div></td>
<td>3</td>
<td>com.pom.qa.testcases.LoginPageTest@771a660</td></tr>
<tr>
<td title='com.pom.qa.testcases.LoginPageTest.registerlinkTextTest()'><b>registerlinkTextTest</b><br>Test class: com.pom.qa.testcases.LoginPageTest</td>
<td><div><pre>org.openqa.selenium.NoSuchElementException: no such element: Unable to locate element: {&quot;method&quot;:&quot;xpath&quot;,&quot;selector&quot;:&quot;//h3[contains(text(),&apos;Already registered?&apos;)]&quot;}
  (Session info: chrome=99.0.4844.84)
For documentation on this error, please visit: https://selenium.dev/exceptions/#no_such_element
Build info: version: &apos;4.1.2&apos;, revision: &apos;9a5a329c5a&apos;
System info: host: &apos;DESKTOP-E58OIO1&apos;, ip: &apos;192.168.0.172&apos;, os.name: &apos;Windows 10&apos;, os.arch: &apos;amd64&apos;, os.version: &apos;10.0&apos;, java.version: &apos;15.0.1&apos;
Driver info: org.openqa.selenium.chrome.ChromeDriver
Command: [4402bb1784ccdcea2c31605e32975f62, findElement {using=xpath, value=//h3[contains(text(),&apos;Already registered?&apos;)]}]
Capabilities {acceptInsecureCerts: false, browserName: chrome, browserVersion: 99.0.4844.84, chrome: {chromedriverVersion: 99.0.4844.51 (d537ec02474b5..., userDataDir: C:\Users\HPWORL~1\AppData\L...}, goog:chromeOptions: {debuggerAddress: localhost:52691}, javascriptEnabled: true, networkConnectionEnabled: false, pageLoadStrategy: normal, platform: WINDOWS, platformName: WINDOWS, proxy: Proxy(), se:cdp: ws://localhost:52691/devtoo..., se:cdpVersion: 99.0.4844.84, setWindowRect: true, strictFileInteractability: false, timeouts: {implicit: 0, pageLoad: 300000, script: 30000}, unhandledPromptBehavior: dismiss and notify, webauthn:extension:credBlob: true, webauthn:extension:largeBlob: true, webauthn:virtualAuthenticators: true}
Session ID: 4402bb1784ccdcea2c31605e32975f62
	at org.openqa.selenium.remote.codec.w3c.W3CHttpResponseCodec.createException(W3CHttpResponseCodec.java:200)
	at org.openqa.selenium.remote.codec.w3c.W3CHttpResponseCodec.decode(W3CHttpResponseCodec.java:133)
	at org.openqa.selenium.remote.codec.w3c.W3CHttpResponseCodec.decode(W3CHttpResponseCodec.java:53)
	at org.openqa.selenium.remote.HttpCommandExecutor.execute(HttpCommandExecutor.java:184)
	at org.openqa.selenium.remote.service.DriverCommandExecutor.invokeExecute(DriverCommandExecutor.java:167)
	at org.openqa.selenium.remote.service.DriverCommandExecutor.execute(DriverCommandExecutor.java:142)
	at org.openqa.selenium.remote.RemoteWebDriver.execute(RemoteWebDriver.java:558)
	at org.openqa.selenium.remote.ElementLocation$ElementFinder$2.findElement(ElementLocation.java:162)
	at org.openqa.selenium.remote.ElementLocation.findElement(ElementLocation.java:60)
	at org.openqa.selenium.remote.RemoteWebDriver.findElement(RemoteWebDriver.java:382)
	at org.openqa.selenium.remote.RemoteWebDriver.findElement(RemoteWebDriver.java:374)
	at org.openqa.selenium.support.pagefactory.DefaultElementLocator.findElement(DefaultElementLocator.java:70)
	at org.openqa.selenium.support.pagefactory.internal.LocatingElementHandler.invoke(LocatingElementHandler.java:39)
	at com.sun.proxy.$Proxy17.getText(Unknown Source)
	at com.pom.qa.pages.LoginPage.reglinkText(LoginPage.java:53)
	at com.pom.qa.testcases.LoginPageTest.registerlinkTextTest(LoginPageTest.java:38)
	at java.base/java.util.ArrayList.forEach(ArrayList.java:1511)
... Removed 32 stack frames</pre></div><a href='#' onClick='toggleBox("stack-trace1797648156", this, "Click to show all stack frames", "Click to hide stack frames")'>Click to show all stack frames</a>
<div class='stack-trace' id='stack-trace1797648156'><pre>org.openqa.selenium.NoSuchElementException: no such element: Unable to locate element: {&quot;method&quot;:&quot;xpath&quot;,&quot;selector&quot;:&quot;//h3[contains(text(),&apos;Already registered?&apos;)]&quot;}
  (Session info: chrome=99.0.4844.84)
For documentation on this error, please visit: https://selenium.dev/exceptions/#no_such_element
Build info: version: &apos;4.1.2&apos;, revision: &apos;9a5a329c5a&apos;
System info: host: &apos;DESKTOP-E58OIO1&apos;, ip: &apos;192.168.0.172&apos;, os.name: &apos;Windows 10&apos;, os.arch: &apos;amd64&apos;, os.version: &apos;10.0&apos;, java.version: &apos;15.0.1&apos;
Driver info: org.openqa.selenium.chrome.ChromeDriver
Command: [4402bb1784ccdcea2c31605e32975f62, findElement {using=xpath, value=//h3[contains(text(),&apos;Already registered?&apos;)]}]
Capabilities {acceptInsecureCerts: false, browserName: chrome, browserVersion: 99.0.4844.84, chrome: {chromedriverVersion: 99.0.4844.51 (d537ec02474b5..., userDataDir: C:\Users\HPWORL~1\AppData\L...}, goog:chromeOptions: {debuggerAddress: localhost:52691}, javascriptEnabled: true, networkConnectionEnabled: false, pageLoadStrategy: normal, platform: WINDOWS, platformName: WINDOWS, proxy: Proxy(), se:cdp: ws://localhost:52691/devtoo..., se:cdpVersion: 99.0.4844.84, setWindowRect: true, strictFileInteractability: false, timeouts: {implicit: 0, pageLoad: 300000, script: 30000}, unhandledPromptBehavior: dismiss and notify, webauthn:extension:credBlob: true, webauthn:extension:largeBlob: true, webauthn:virtualAuthenticators: true}
Session ID: 4402bb1784ccdcea2c31605e32975f62
	at java.base/jdk.internal.reflect.NativeConstructorAccessorImpl.newInstance0(Native Method)
	at java.base/jdk.internal.reflect.NativeConstructorAccessorImpl.newInstance(NativeConstructorAccessorImpl.java:64)
	at java.base/jdk.internal.reflect.DelegatingConstructorAccessorImpl.newInstance(DelegatingConstructorAccessorImpl.java:45)
	at java.base/java.lang.reflect.Constructor.newInstanceWithCaller(Constructor.java:500)
	at java.base/java.lang.reflect.Constructor.newInstance(Constructor.java:481)
	at org.openqa.selenium.remote.codec.w3c.W3CHttpResponseCodec.createException(W3CHttpResponseCodec.java:200)
	at org.openqa.selenium.remote.codec.w3c.W3CHttpResponseCodec.decode(W3CHttpResponseCodec.java:133)
	at org.openqa.selenium.remote.codec.w3c.W3CHttpResponseCodec.decode(W3CHttpResponseCodec.java:53)
	at org.openqa.selenium.remote.HttpCommandExecutor.execute(HttpCommandExecutor.java:184)
	at org.openqa.selenium.remote.service.DriverCommandExecutor.invokeExecute(DriverCommandExecutor.java:167)
	at org.openqa.selenium.remote.service.DriverCommandExecutor.execute(DriverCommandExecutor.java:142)
	at org.openqa.selenium.remote.RemoteWebDriver.execute(RemoteWebDriver.java:558)
	at org.openqa.selenium.remote.ElementLocation$ElementFinder$2.findElement(ElementLocation.java:162)
	at org.openqa.selenium.remote.ElementLocation.findElement(ElementLocation.java:60)
	at org.openqa.selenium.remote.RemoteWebDriver.findElement(RemoteWebDriver.java:382)
	at org.openqa.selenium.remote.RemoteWebDriver.findElement(RemoteWebDriver.java:374)
	at org.openqa.selenium.support.pagefactory.DefaultElementLocator.findElement(DefaultElementLocator.java:70)
	at org.openqa.selenium.support.pagefactory.internal.LocatingElementHandler.invoke(LocatingElementHandler.java:39)
	at com.sun.proxy.$Proxy17.getText(Unknown Source)
	at com.pom.qa.pages.LoginPage.reglinkText(LoginPage.java:53)
	at com.pom.qa.testcases.LoginPageTest.registerlinkTextTest(LoginPageTest.java:38)
	at java.base/jdk.internal.reflect.NativeMethodAccessorImpl.invoke0(Native Method)
	at java.base/jdk.internal.reflect.NativeMethodAccessorImpl.invoke(NativeMethodAccessorImpl.java:64)
	at java.base/jdk.internal.reflect.DelegatingMethodAccessorImpl.invoke(DelegatingMethodAccessorImpl.java:43)
	at java.base/java.lang.reflect.Method.invoke(Method.java:564)
	at org.testng.internal.invokers.MethodInvocationHelper.invokeMethod(MethodInvocationHelper.java:135)
	at org.testng.internal.invokers.TestInvoker.invokeMethod(TestInvoker.java:673)
	at org.testng.internal.invokers.TestInvoker.invokeTestMethod(TestInvoker.java:220)
	at org.testng.internal.invokers.MethodRunner.runInSequence(MethodRunner.java:50)
	at org.testng.internal.invokers.TestInvoker$MethodInvocationAgent.invoke(TestInvoker.java:945)
	at org.testng.internal.invokers.TestInvoker.invokeTestMethods(TestInvoker.java:193)
	at org.testng.internal.invokers.TestMethodWorker.invokeTestMethods(TestMethodWorker.java:146)
	at org.testng.internal.invokers.TestMethodWorker.run(TestMethodWorker.java:128)
	at java.base/java.util.ArrayList.forEach(ArrayList.java:1511)
	at org.testng.TestRunner.privateRun(TestRunner.java:808)
	at org.testng.TestRunner.run(TestRunner.java:603)
	at org.testng.SuiteRunner.runTest(SuiteRunner.java:429)
	at org.testng.SuiteRunner.runSequentially(SuiteRunner.java:423)
	at org.testng.SuiteRunner.privateRun(SuiteRunner.java:383)
	at org.testng.SuiteRunner.run(SuiteRunner.java:326)
	at org.testng.SuiteRunnerWorker.runSuite(SuiteRunnerWorker.java:52)
	at org.testng.SuiteRunnerWorker.run(SuiteRunnerWorker.java:95)
	at org.testng.TestNG.runSuitesSequentially(TestNG.java:1249)
	at org.testng.TestNG.runSuitesLocally(TestNG.java:1169)
	at org.testng.TestNG.runSuites(TestNG.java:1092)
	at org.testng.TestNG.run(TestNG.java:1060)
	at org.testng.remote.AbstractRemoteTestNG.run(AbstractRemoteTestNG.java:115)
	at org.testng.remote.RemoteTestNG.initAndRun(RemoteTestNG.java:251)
	at org.testng.remote.RemoteTestNG.main(RemoteTestNG.java:77)
</pre></div></td>
<td>10</td>
<td>com.pom.qa.testcases.LoginPageTest@771a660</td></tr>
<tr>
<td title='com.pom.qa.testcases.LoginPageTest.emptyEmailEmptyPwdTest()'><b>emptyEmailEmptyPwdTest</b><br>Test class: com.pom.qa.testcases.LoginPageTest</td>
<td><div><pre>java.lang.AssertionError: expected [An email address required.] but found [Invalid email address.]
	at com.pom.qa.testcases.LoginPageTest.emptyEmailEmptyPwdTest(LoginPageTest.java:125)
	at java.base/java.util.ArrayList.forEach(ArrayList.java:1511)
... Removed 33 stack frames</pre></div><a href='#' onClick='toggleBox("stack-trace998157332", this, "Click to show all stack frames", "Click to hide stack frames")'>Click to show all stack frames</a>
<div class='stack-trace' id='stack-trace998157332'><pre>java.lang.AssertionError: expected [An email address required.] but found [Invalid email address.]
	at org.testng.Assert.fail(Assert.java:110)
	at org.testng.Assert.failNotEquals(Assert.java:1413)
	at org.testng.Assert.assertEqualsImpl(Assert.java:149)
	at org.testng.Assert.assertEquals(Assert.java:131)
	at org.testng.Assert.assertEquals(Assert.java:655)
	at org.testng.Assert.assertEquals(Assert.java:665)
	at com.pom.qa.testcases.LoginPageTest.emptyEmailEmptyPwdTest(LoginPageTest.java:125)
	at java.base/jdk.internal.reflect.NativeMethodAccessorImpl.invoke0(Native Method)
	at java.base/jdk.internal.reflect.NativeMethodAccessorImpl.invoke(NativeMethodAccessorImpl.java:64)
	at java.base/jdk.internal.reflect.DelegatingMethodAccessorImpl.invoke(DelegatingMethodAccessorImpl.java:43)
	at java.base/java.lang.reflect.Method.invoke(Method.java:564)
	at org.testng.internal.invokers.MethodInvocationHelper.invokeMethod(MethodInvocationHelper.java:135)
	at org.testng.internal.invokers.TestInvoker.invokeMethod(TestInvoker.java:673)
	at org.testng.internal.invokers.TestInvoker.invokeTestMethod(TestInvoker.java:220)
	at org.testng.internal.invokers.MethodRunner.runInSequence(MethodRunner.java:50)
	at org.testng.internal.invokers.TestInvoker$MethodInvocationAgent.invoke(TestInvoker.java:945)
	at org.testng.internal.invokers.TestInvoker.invokeTestMethods(TestInvoker.java:193)
	at org.testng.internal.invokers.TestMethodWorker.invokeTestMethods(TestMethodWorker.java:146)
	at org.testng.internal.invokers.TestMethodWorker.run(TestMethodWorker.java:128)
	at java.base/java.util.ArrayList.forEach(ArrayList.java:1511)
	at org.testng.TestRunner.privateRun(TestRunner.java:808)
	at org.testng.TestRunner.run(TestRunner.java:603)
	at org.testng.SuiteRunner.runTest(SuiteRunner.java:429)
	at org.testng.SuiteRunner.runSequentially(SuiteRunner.java:423)
	at org.testng.SuiteRunner.privateRun(SuiteRunner.java:383)
	at org.testng.SuiteRunner.run(SuiteRunner.java:326)
	at org.testng.SuiteRunnerWorker.runSuite(SuiteRunnerWorker.java:52)
	at org.testng.SuiteRunnerWorker.run(SuiteRunnerWorker.java:95)
	at org.testng.TestNG.runSuitesSequentially(TestNG.java:1249)
	at org.testng.TestNG.runSuitesLocally(TestNG.java:1169)
	at org.testng.TestNG.runSuites(TestNG.java:1092)
	at org.testng.TestNG.run(TestNG.java:1060)
	at org.testng.remote.AbstractRemoteTestNG.run(AbstractRemoteTestNG.java:115)
	at org.testng.remote.RemoteTestNG.initAndRun(RemoteTestNG.java:251)
	at org.testng.remote.RemoteTestNG.main(RemoteTestNG.java:77)
</pre></div></td>
<td>3</td>
<td>com.pom.qa.testcases.LoginPageTest@771a660</td></tr>
</table><p>
<table width='100%' border='1' class='invocation-passed'>
<tr><td colspan='4' align='center'><b>PASSED TESTS</b></td></tr>
<tr><td><b>Test method</b></td>
<td width="30%"><b>Exception</b></td>
<td width="10%"><b>Time (seconds)</b></td>
<td><b>Instance</b></td>
</tr>
<tr>
<td title='com.pom.qa.testcases.LoginPageTest.SuccessfulLogInTest()'><b>SuccessfulLogInTest</b><br>Test class: com.pom.qa.testcases.LoginPageTest</td>
<td></td>
<td>2</td>
<td>com.pom.qa.testcases.LoginPageTest@771a660</td></tr>
<tr>
<td title='com.pom.qa.testcases.LoginPageTest.emptyEmailcorrectPwdTest()'><b>emptyEmailcorrectPwdTest</b><br>Test class: com.pom.qa.testcases.LoginPageTest</td>
<td></td>
<td>1</td>
<td>com.pom.qa.testcases.LoginPageTest@771a660</td></tr>
<tr>
<td title='com.pom.qa.testcases.ForgotPwPageTest.BackButtonverify()'><b>BackButtonverify</b><br>Test class: com.pom.qa.testcases.ForgotPwPageTest</td>
<td></td>
<td>0</td>
<td>com.pom.qa.testcases.ForgotPwPageTest@2892d68</td></tr>
<tr>
<td title='com.pom.qa.testcases.LoginPageTest.invalidEmaiemptyPwdTest()'><b>invalidEmaiemptyPwdTest</b><br>Test class: com.pom.qa.testcases.LoginPageTest</td>
<td></td>
<td>9</td>
<td>com.pom.qa.testcases.LoginPageTest@771a660</td></tr>
<tr>
<td title='com.pom.qa.testcases.ForgotPwPageTest.emailboxverify()'><b>emailboxverify</b><br>Test class: com.pom.qa.testcases.ForgotPwPageTest</td>
<td></td>
<td>0</td>
<td>com.pom.qa.testcases.ForgotPwPageTest@2892d68</td></tr>
<tr>
<td title='com.pom.qa.testcases.HomePageTest.verifyUsername()'><b>verifyUsername</b><br>Test class: com.pom.qa.testcases.HomePageTest</td>
<td></td>
<td>0</td>
<td>com.pom.qa.testcases.HomePageTest@5ab956d7</td></tr>
<tr>
<td title='com.pom.qa.testcases.LoginPageTest.emptyEmailwronPwdTest()'><b>emptyEmailwronPwdTest</b><br>Test class: com.pom.qa.testcases.LoginPageTest</td>
<td></td>
<td>3</td>
<td>com.pom.qa.testcases.LoginPageTest@771a660</td></tr>
<tr>
<td title='com.pom.qa.testcases.LoginPageTest.invalidEmailcorrectPwdTest()'><b>invalidEmailcorrectPwdTest</b><br>Test class: com.pom.qa.testcases.LoginPageTest</td>
<td></td>
<td>10</td>
<td>com.pom.qa.testcases.LoginPageTest@771a660</td></tr>
<tr>
<td title='com.pom.qa.testcases.LoginPageTest.forgotpwdLinkTest()'><b>forgotpwdLinkTest</b><br>Test class: com.pom.qa.testcases.LoginPageTest</td>
<td></td>
<td>7</td>
<td>com.pom.qa.testcases.LoginPageTest@771a660</td></tr>
<tr>
<td title='com.pom.qa.testcases.HomePageTest.signoutbtntest()'><b>signoutbtntest</b><br>Test class: com.pom.qa.testcases.HomePageTest</td>
<td></td>
<td>0</td>
<td>com.pom.qa.testcases.HomePageTest@5ab956d7</td></tr>
<tr>
<td title='com.pom.qa.testcases.HomePageTest.homepagetitle()'><b>homepagetitle</b><br>Test class: com.pom.qa.testcases.HomePageTest</td>
<td></td>
<td>0</td>
<td>com.pom.qa.testcases.HomePageTest@5ab956d7</td></tr>
<tr>
<td title='com.pom.qa.testcases.LoginPageTest.verifyForgotPwdTest()'><b>verifyForgotPwdTest</b><br>Test class: com.pom.qa.testcases.LoginPageTest</td>
<td></td>
<td>0</td>
<td>com.pom.qa.testcases.LoginPageTest@771a660</td></tr>
<tr>
<td title='com.pom.qa.testcases.LoginPageTest.signinbtnEnableTest()'><b>signinbtnEnableTest</b><br>Test class: com.pom.qa.testcases.LoginPageTest</td>
<td></td>
<td>0</td>
<td>com.pom.qa.testcases.LoginPageTest@771a660</td></tr>
<tr>
<td title='com.pom.qa.testcases.LoginPageTest.correctEmailemptyPwdTest()'><b>correctEmailemptyPwdTest</b><br>Test class: com.pom.qa.testcases.LoginPageTest</td>
<td></td>
<td>6</td>
<td>com.pom.qa.testcases.LoginPageTest@771a660</td></tr>
<tr>
<td title='com.pom.qa.testcases.LoginPageTest.CorrectEmailwrongPwdTest()'><b>CorrectEmailwrongPwdTest</b><br>Test class: com.pom.qa.testcases.LoginPageTest</td>
<td></td>
<td>1</td>
<td>com.pom.qa.testcases.LoginPageTest@771a660</td></tr>
<tr>
<td title='com.pom.qa.testcases.LoginPageTest.LoginWithIncorrectData()'><b>LoginWithIncorrectData</b><br>Test class: com.pom.qa.testcases.LoginPageTest</td>
<td></td>
<td>1</td>
<td>com.pom.qa.testcases.LoginPageTest@771a660</td></tr>
<tr>
<td title='com.pom.qa.testcases.ForgotPwPageTest.forgotpwstextverify()'><b>forgotpwstextverify</b><br>Test class: com.pom.qa.testcases.ForgotPwPageTest</td>
<td></td>
<td>0</td>
<td>com.pom.qa.testcases.ForgotPwPageTest@2892d68</td></tr>
<tr>
<td title='com.pom.qa.testcases.LoginPageTest.invalidEmailwronPwdTest()'><b>invalidEmailwronPwdTest</b><br>Test class: com.pom.qa.testcases.LoginPageTest</td>
<td></td>
<td>11</td>
<td>com.pom.qa.testcases.LoginPageTest@771a660</td></tr>
<tr>
<td title='com.pom.qa.testcases.LoginPageTest.pwdboxPresentTest()'><b>pwdboxPresentTest</b><br>Test class: com.pom.qa.testcases.LoginPageTest</td>
<td></td>
<td>0</td>
<td>com.pom.qa.testcases.LoginPageTest@771a660</td></tr>
<tr>
<td title='com.pom.qa.testcases.HomePageTest.logoPresenttest()'><b>logoPresenttest</b><br>Test class: com.pom.qa.testcases.HomePageTest</td>
<td></td>
<td>0</td>
<td>com.pom.qa.testcases.HomePageTest@5ab956d7</td></tr>
<tr>
<td title='com.pom.qa.testcases.LoginPageTest.LoginFromKeyboard()'><b>LoginFromKeyboard</b><br>Test class: com.pom.qa.testcases.LoginPageTest</td>
<td></td>
<td>3</td>
<td>com.pom.qa.testcases.LoginPageTest@771a660</td></tr>
<tr>
<td title='com.pom.qa.testcases.LoginPageTest.loginTitleTest()'><b>loginTitleTest</b><br>Test class: com.pom.qa.testcases.LoginPageTest</td>
<td></td>
<td>0</td>
<td>com.pom.qa.testcases.LoginPageTest@771a660</td></tr>
<tr>
<td title='com.pom.qa.testcases.LoginPageTest.WronEmailcorrectPwdTest()'><b>WronEmailcorrectPwdTest</b><br>Test class: com.pom.qa.testcases.LoginPageTest</td>
<td></td>
<td>1</td>
<td>com.pom.qa.testcases.LoginPageTest@771a660</td></tr>
<tr>
<td title='com.pom.qa.testcases.LoginPageTest.wronEmailemtyPwdTest()'><b>wronEmailemtyPwdTest</b><br>Test class: com.pom.qa.testcases.LoginPageTest</td>
<td></td>
<td>9</td>
<td>com.pom.qa.testcases.LoginPageTest@771a660</td></tr>
<tr>
<td title='com.pom.qa.testcases.LoginPageTest.reglinkDispalyedTest()'><b>reglinkDispalyedTest</b><br>Test class: com.pom.qa.testcases.LoginPageTest</td>
<td></td>
<td>0</td>
<td>com.pom.qa.testcases.LoginPageTest@771a660</td></tr>
<tr>
<td title='com.pom.qa.testcases.LoginPageTest.emailboxpresenttest()'><b>emailboxpresenttest</b><br>Test class: com.pom.qa.testcases.LoginPageTest</td>
<td></td>
<td>0</td>
<td>com.pom.qa.testcases.LoginPageTest@771a660</td></tr>
</table><p>
</body>
</html>