<!DOCTYPE html PUBLIC "-//W3C//DTD XHTML 1.1//EN" "https://www.w3.org/TR/xhtml11/DTD/xhtml11.dtd">
<html xmlns="https://www.w3.org/1999/xhtml">
<head>
<meta http-equiv="content-type" content="text/html; charset=UTF-8"/>
<title>TestNG Report</title>
<style type="text/css">table {margin-bottom:10px;border-collapse:collapse;empty-cells:show}th,td {border:1px solid #009;padding:.25em .5em}th {vertical-align:bottom}td {vertical-align:top}table a {font-weight:bold}.stripe td {background-color: #E6EBF9}.num {text-align:right}.passedodd td {background-color: #3F3}.passedeven td {background-color: #0A0}.skippedodd td {background-color: #DDD}.skippedeven td {background-color: #CCC}.failedodd td,.attn {background-color: #F33}.failedeven td,.stripe .attn {background-color: #D00}.stacktrace {white-space:pre;font-family:monospace}.totop {font-size:85%;text-align:center;border-bottom:2px solid #000}.invisible {display:none}</style>
</head>
<body>
<table>
<tr><th>Test</th><th># Passed</th><th># Skipped</th><th># Retried</th><th># Failed</th><th>Time (ms)</th><th>Included Groups</th><th>Excluded Groups</th></tr>
<tr><th colspan="8">POM Suite</th></tr>
<tr><td><a href="#t0">POM Test</a></td><td class="num">26</td><td class="num">0</td><td class="num">0</td><td class="num attn">4</td><td class="num">444,058</td><td></td><td></td></tr>
</table>
<table id='summary'><thead><tr><th>Class</th><th>Method</th><th>Start</th><th>Time (ms)</th></tr></thead><tbody><tr><th colspan="4">POM Suite</th></tr></tbody><tbody id="t0"><tr><th colspan="4">POM Test &#8212; failed</th></tr><tr class="failedeven"><td rowspan="4">com.pom.qa.testcases.LoginPageTest</td><td><a href="#m0">emptyEmailEmptyPwdTest</a></td><td rowspan="1">1648490839253</td><td rowspan="1">3586</td></tr><tr class="failedeven"><td><a href="#m1">emptyEmailinvalidPwdTest</a></td><td rowspan="1">1648490858203</td><td rowspan="1">3161</td></tr><tr class="failedeven"><td><a href="#m2">loginWithEnterbtnCorrectEmailemptypwdTest</a></td><td rowspan="1">1648490991937</td><td rowspan="1">10487</td></tr><tr class="failedeven"><td><a href="#m3">registerlinkTextTest</a></td><td rowspan="1">1648491020963</td><td rowspan="1">10016</td></tr><tr><th colspan="4">POM Test &#8212; passed</th></tr><tr class="passedeven"><td rowspan="3">com.pom.qa.testcases.ForgotPwPageTest</td><td><a href="#m4">BackButtonverify</a></td><td rowspan="1">1648491109818</td><td rowspan="1">39</td></tr><tr class="passedeven"><td><a href="#m5">emailboxverify</a></td><td rowspan="1">1648491125842</td><td rowspan="1">40</td></tr><tr class="passedeven"><td><a href="#m6">forgotpwstextverify</a></td><td rowspan="1">1648491142950</td><td rowspan="1">36</td></tr><tr class="passedodd"><td rowspan="4">com.pom.qa.testcases.HomePageTest</td><td><a href="#m7">homepagetitle</a></td><td rowspan="1">1648491157483</td><td rowspan="1">7</td></tr><tr class="passedodd"><td><a href="#m8">logoPresenttest</a></td><td rowspan="1">1648491166341</td><td rowspan="1">44</td></tr><tr class="passedodd"><td><a href="#m9">signoutbtntest</a></td><td rowspan="1">1648491183209</td><td rowspan="1">45</td></tr><tr class="passedodd"><td><a href="#m10">verifyUsername</a></td><td rowspan="1">1648491206318</td><td rowspan="1">49</td></tr><tr class="passedeven"><td rowspan="19">com.pom.qa.testcases.LoginPageTest</td><td><a href="#m11">CorrectEmailwrongPwdTest</a></td><td rowspan="1">1648490769615</td><td rowspan="1">1984</td></tr><tr class="passedeven"><td><a href="#m12">LoginFromKeyboard</a></td><td rowspan="1">1648490778300</td><td rowspan="1">3005</td></tr><tr class="passedeven"><td><a href="#m13">LoginWithIncorrectData</a></td><td rowspan="1">1648490792347</td><td rowspan="1">1038</td></tr><tr class="passedeven"><td><a href="#m14">SuccessfulLogInTest</a></td><td rowspan="1">1648490799447</td><td rowspan="1">2333</td></tr><tr class="passedeven"><td><a href="#m15">WronEmailcorrectPwdTest</a></td><td rowspan="1">1648490807243</td><td rowspan="1">1942</td></tr><tr class="passedeven"><td><a href="#m16">correctEmailemptyPwdTest</a></td><td rowspan="1">1648490816087</td><td rowspan="1">6451</td></tr><tr class="passedeven"><td><a href="#m17">emailboxpresenttest</a></td><td rowspan="1">1648490831198</td><td rowspan="1">59</td></tr><tr class="passedeven"><td><a href="#m18">emptyEmailcorrectPwdTest</a></td><td rowspan="1">1648490849005</td><td rowspan="1">1473</td></tr><tr class="passedeven"><td><a href="#m19">emptyEmailwronPwdTest</a></td><td rowspan="1">1648490869898</td><td rowspan="1">3408</td></tr><tr class="passedeven"><td><a href="#m20">forgotpwdLinkTest</a></td><td rowspan="1">1648490885177</td><td rowspan="1">7175</td></tr><tr class="passedeven"><td><a href="#m21">invalidEmaiemptyPwdTest</a></td><td rowspan="1">1648490899927</td><td rowspan="1">9523</td></tr><tr class="passedeven"><td><a href="#m22">invalidEmailcorrectPwdTest</a></td><td rowspan="1">1648490923671</td><td rowspan="1">10749</td></tr><tr class="passedeven"><td><a href="#m23">invalidEmailwronPwdTest</a></td><td rowspan="1">1648490948621</td><td rowspan="1">11406</td></tr><tr class="passedeven"><td><a href="#m24">loginTitleTest</a></td><td rowspan="1">1648490975707</td><td rowspan="1">7</td></tr><tr class="passedeven"><td><a href="#m25">pwdboxPresentTest</a></td><td rowspan="1">1648491015973</td><td rowspan="1">78</td></tr><tr class="passedeven"><td><a href="#m26">reglinkDispalyedTest</a></td><td rowspan="1">1648491044887</td><td rowspan="1">93</td></tr><tr class="passedeven"><td><a href="#m27">signinbtnEnableTest</a></td><td rowspan="1">1648491058690</td><td rowspan="1">32</td></tr><tr class="passedeven"><td><a href="#m28">verifyForgotPwdTest</a></td><td rowspan="1">1648491072615</td><td rowspan="1">82</td></tr><tr class="passedeven"><td><a href="#m29">wronEmailemtyPwdTest</a></td><td rowspan="1">1648491081551</td><td rowspan="1">9495</td></tr></tbody>
</table>
<h2>POM Test</h2><h3 id="m0">com.pom.qa.testcases.LoginPageTest#emptyEmailEmptyPwdTest</h3><table class="result"><tr><th>Exception</th></tr><tr><td><div class="stacktrace">java.lang.AssertionError: expected [An email address required.] but found [Invalid email address.]
	at com.pom.qa.testcases.LoginPageTest.emptyEmailEmptyPwdTest(LoginPageTest.java:125)
	at java.base/java.util.ArrayList.forEach(ArrayList.java:1511)
... Removed 33 stack frames</div></td></tr></table><p class="totop"><a href="#summary">back to summary</a></p>
<h3 id="m1">com.pom.qa.testcases.LoginPageTest#emptyEmailinvalidPwdTest</h3><table class="result"><tr><th>Exception</th></tr><tr><td><div class="stacktrace">java.lang.AssertionError: expected [An email address required.] but found [Invalid email address.]
	at com.pom.qa.testcases.LoginPageTest.emptyEmailinvalidPwdTest(LoginPageTest.java:131)
	at java.base/java.util.ArrayList.forEach(ArrayList.java:1511)
... Removed 33 stack frames</div></td></tr></table><p class="totop"><a href="#summary">back to summary</a></p>
<h3 id="m2">com.pom.qa.testcases.LoginPageTest#loginWithEnterbtnCorrectEmailemptypwdTest</h3><table class="result"><tr><th>Exception</th></tr><tr><td><div class="stacktrace">org.openqa.selenium.NoSuchElementException: no such element: Unable to locate element: {&quot;method&quot;:&quot;xpath&quot;,&quot;selector&quot;:&quot;//div[@class=&apos;alert alert-danger&apos;]/ol/li&quot;}
  (Session info: chrome=99.0.4844.84)
For documentation on this error, please visit: https://selenium.dev/exceptions/#no_such_element
Build info: version: &apos;4.1.2&apos;, revision: &apos;9a5a329c5a&apos;
System info: host: &apos;DESKTOP-E58OIO1&apos;, ip: &apos;192.168.0.172&apos;, os.name: &apos;Windows 10&apos;, os.arch: &apos;amd64&apos;, os.version: &apos;10.0&apos;, java.version: &apos;15.0.1&apos;
Driver info: org.openqa.selenium.chrome.ChromeDriver
Command: [83e008a0b7d398b7f118a7a41772e6ad, findElement {using=xpath, value=//div[@class=&apos;alert alert-danger&apos;]/ol/li}]
Capabilities {acceptInsecureCerts: false, browserName: chrome, browserVersion: 99.0.4844.84, chrome: {chromedriverVersion: 99.0.4844.51 (d537ec02474b5..., userDataDir: C:\Users\HPWORL~1\AppData\L...}, goog:chromeOptions: {debuggerAddress: localhost:52643}, javascriptEnabled: true, networkConnectionEnabled: false, pageLoadStrategy: normal, platform: WINDOWS, platformName: WINDOWS, proxy: Proxy(), se:cdp: ws://localhost:52643/devtoo..., se:cdpVersion: 99.0.4844.84, setWindowRect: true, strictFileInteractability: false, timeouts: {implicit: 0, pageLoad: 300000, script: 30000}, unhandledPromptBehavior: dismiss and notify, webauthn:extension:credBlob: true, webauthn:extension:largeBlob: true, webauthn:virtualAuthenticators: true}
Session ID: 83e008a0b7d398b7f118a7a41772e6ad
	at org.openqa.selenium.remote.codec.w3c.W3CHttpResponseCodec.createException(W3CHttpResponseCodec.java:200)
	at org.openqa.selenium.remote.codec.w3c.W3CHttpResponseCodec.decode(W3CHttpResponseCodec.java:133)
	at org.openqa.selenium.remote.codec.w3c.W3CHttpResponseCodec.decode(W3CHttpResponseCodec.java:53)
	at org.openqa.selenium.remote.HttpCommandExecutor.execute(HttpCommandExecutor.java:184)
	at org.openqa.selenium.remote.service.DriverCommandExecutor.invokeExecute(DriverCommandExecutor.java:167)
	at org.openqa.selenium.remote.service.DriverCommandExecutor.execute(DriverCommandExecutor.java:142)
	at org.openqa.selenium.remote.RemoteWebDriver.execute(RemoteWebDriver.java:558)
	at org.openqa.selenium.remote.ElementLocation$ElementFinder$2.findElement(ElementLocation.java:162)
	at org.openqa.selenium.remote.ElementLocation.findElement(ElementLocation.java:60)
	at org.openqa.selenium.remote.RemoteWebDriver.findElement(RemoteWebDriver.java:382)
	at org.openqa.selenium.remote.RemoteWebDriver.findElement(RemoteWebDriver.java:374)
	at org.openqa.selenium.support.pagefactory.DefaultElementLocator.findElement(DefaultElementLocator.java:70)
	at org.openqa.selenium.support.pagefactory.internal.LocatingElementHandler.invoke(LocatingElementHandler.java:39)
	at com.sun.proxy.$Proxy17.getText(Unknown Source)
	at com.pom.qa.pages.LoginPage.errorMsgVerify(LoginPage.java:135)
	at com.pom.qa.testcases.LoginPageTest.loginWithEnterbtnCorrectEmailemptypwdTest(LoginPageTest.java:143)
	at java.base/java.util.ArrayList.forEach(ArrayList.java:1511)
... Removed 32 stack frames</div></td></tr></table><p class="totop"><a href="#summary">back to summary</a></p>
<h3 id="m3">com.pom.qa.testcases.LoginPageTest#registerlinkTextTest</h3><table class="result"><tr><th>Exception</th></tr><tr><td><div class="stacktrace">org.openqa.selenium.NoSuchElementException: no such element: Unable to locate element: {&quot;method&quot;:&quot;xpath&quot;,&quot;selector&quot;:&quot;//h3[contains(text(),&apos;Already registered?&apos;)]&quot;}
  (Session info: chrome=99.0.4844.84)
For documentation on this error, please visit: https://selenium.dev/exceptions/#no_such_element
Build info: version: &apos;4.1.2&apos;, revision: &apos;9a5a329c5a&apos;
System info: host: &apos;DESKTOP-E58OIO1&apos;, ip: &apos;192.168.0.172&apos;, os.name: &apos;Windows 10&apos;, os.arch: &apos;amd64&apos;, os.version: &apos;10.0&apos;, java.version: &apos;15.0.1&apos;
Driver info: org.openqa.selenium.chrome.ChromeDriver
Command: [4402bb1784ccdcea2c31605e32975f62, findElement {using=xpath, value=//h3[contains(text(),&apos;Already registered?&apos;)]}]
Capabilities {acceptInsecureCerts: false, browserName: chrome, browserVersion: 99.0.4844.84, chrome: {chromedriverVersion: 99.0.4844.51 (d537ec02474b5..., userDataDir: C:\Users\HPWORL~1\AppData\L...}, goog:chromeOptions: {debuggerAddress: localhost:52691}, javascriptEnabled: true, networkConnectionEnabled: false, pageLoadStrategy: normal, platform: WINDOWS, platformName: WINDOWS, proxy: Proxy(), se:cdp: ws://localhost:52691/devtoo..., se:cdpVersion: 99.0.4844.84, setWindowRect: true, strictFileInteractability: false, timeouts: {implicit: 0, pageLoad: 300000, script: 30000}, unhandledPromptBehavior: dismiss and notify, webauthn:extension:credBlob: true, webauthn:extension:largeBlob: true, webauthn:virtualAuthenticators: true}
Session ID: 4402bb1784ccdcea2c31605e32975f62
	at org.openqa.selenium.remote.codec.w3c.W3CHttpResponseCodec.createException(W3CHttpResponseCodec.java:200)
	at org.openqa.selenium.remote.codec.w3c.W3CHttpResponseCodec.decode(W3CHttpResponseCodec.java:133)
	at org.openqa.selenium.remote.codec.w3c.W3CHttpResponseCodec.decode(W3CHttpResponseCodec.java:53)
	at org.openqa.selenium.remote.HttpCommandExecutor.execute(HttpCommandExecutor.java:184)
	at org.openqa.selenium.remote.service.DriverCommandExecutor.invokeExecute(DriverCommandExecutor.java:167)
	at org.openqa.selenium.remote.service.DriverCommandExecutor.execute(DriverCommandExecutor.java:142)
	at org.openqa.selenium.remote.RemoteWebDriver.execute(RemoteWebDriver.java:558)
	at org.openqa.selenium.remote.ElementLocation$ElementFinder$2.findElement(ElementLocation.java:162)
	at org.openqa.selenium.remote.ElementLocation.findElement(ElementLocation.java:60)
	at org.openqa.selenium.remote.RemoteWebDriver.findElement(RemoteWebDriver.java:382)
	at org.openqa.selenium.remote.RemoteWebDriver.findElement(RemoteWebDriver.java:374)
	at org.openqa.selenium.support.pagefactory.DefaultElementLocator.findElement(DefaultElementLocator.java:70)
	at org.openqa.selenium.support.pagefactory.internal.LocatingElementHandler.invoke(LocatingElementHandler.java:39)
	at com.sun.proxy.$Proxy17.getText(Unknown Source)
	at com.pom.qa.pages.LoginPage.reglinkText(LoginPage.java:53)
	at com.pom.qa.testcases.LoginPageTest.registerlinkTextTest(LoginPageTest.java:38)
	at java.base/java.util.ArrayList.forEach(ArrayList.java:1511)
... Removed 32 stack frames</div></td></tr></table><p class="totop"><a href="#summary">back to summary</a></p>
<h3 id="m4">com.pom.qa.testcases.ForgotPwPageTest#BackButtonverify</h3><table class="result"><tr><th class="invisible"/></tr></table><p class="totop"><a href="#summary">back to summary</a></p>
<h3 id="m5">com.pom.qa.testcases.ForgotPwPageTest#emailboxverify</h3><table class="result"><tr><th class="invisible"/></tr></table><p class="totop"><a href="#summary">back to summary</a></p>
<h3 id="m6">com.pom.qa.testcases.ForgotPwPageTest#forgotpwstextverify</h3><table class="result"><tr><th class="invisible"/></tr></table><p class="totop"><a href="#summary">back to summary</a></p>
<h3 id="m7">com.pom.qa.testcases.HomePageTest#homepagetitle</h3><table class="result"><tr><th class="invisible"/></tr></table><p class="totop"><a href="#summary">back to summary</a></p>
<h3 id="m8">com.pom.qa.testcases.HomePageTest#logoPresenttest</h3><table class="result"><tr><th class="invisible"/></tr></table><p class="totop"><a href="#summary">back to summary</a></p>
<h3 id="m9">com.pom.qa.testcases.HomePageTest#signoutbtntest</h3><table class="result"><tr><th class="invisible"/></tr></table><p class="totop"><a href="#summary">back to summary</a></p>
<h3 id="m10">com.pom.qa.testcases.HomePageTest#verifyUsername</h3><table class="result"><tr><th class="invisible"/></tr></table><p class="totop"><a href="#summary">back to summary</a></p>
<h3 id="m11">com.pom.qa.testcases.LoginPageTest#CorrectEmailwrongPwdTest</h3><table class="result"><tr><th class="invisible"/></tr></table><p class="totop"><a href="#summary">back to summary</a></p>
<h3 id="m12">com.pom.qa.testcases.LoginPageTest#LoginFromKeyboard</h3><table class="result"><tr><th class="invisible"/></tr></table><p class="totop"><a href="#summary">back to summary</a></p>
<h3 id="m13">com.pom.qa.testcases.LoginPageTest#LoginWithIncorrectData</h3><table class="result"><tr><th class="invisible"/></tr></table><p class="totop"><a href="#summary">back to summary</a></p>
<h3 id="m14">com.pom.qa.testcases.LoginPageTest#SuccessfulLogInTest</h3><table class="result"><tr><th class="invisible"/></tr></table><p class="totop"><a href="#summary">back to summary</a></p>
<h3 id="m15">com.pom.qa.testcases.LoginPageTest#WronEmailcorrectPwdTest</h3><table class="result"><tr><th class="invisible"/></tr></table><p class="totop"><a href="#summary">back to summary</a></p>
<h3 id="m16">com.pom.qa.testcases.LoginPageTest#correctEmailemptyPwdTest</h3><table class="result"><tr><th class="invisible"/></tr></table><p class="totop"><a href="#summary">back to summary</a></p>
<h3 id="m17">com.pom.qa.testcases.LoginPageTest#emailboxpresenttest</h3><table class="result"><tr><th class="invisible"/></tr></table><p class="totop"><a href="#summary">back to summary</a></p>
<h3 id="m18">com.pom.qa.testcases.LoginPageTest#emptyEmailcorrectPwdTest</h3><table class="result"><tr><th class="invisible"/></tr></table><p class="totop"><a href="#summary">back to summary</a></p>
<h3 id="m19">com.pom.qa.testcases.LoginPageTest#emptyEmailwronPwdTest</h3><table class="result"><tr><th class="invisible"/></tr></table><p class="totop"><a href="#summary">back to summary</a></p>
<h3 id="m20">com.pom.qa.testcases.LoginPageTest#forgotpwdLinkTest</h3><table class="result"><tr><th class="invisible"/></tr></table><p class="totop"><a href="#summary">back to summary</a></p>
<h3 id="m21">com.pom.qa.testcases.LoginPageTest#invalidEmaiemptyPwdTest</h3><table class="result"><tr><th class="invisible"/></tr></table><p class="totop"><a href="#summary">back to summary</a></p>
<h3 id="m22">com.pom.qa.testcases.LoginPageTest#invalidEmailcorrectPwdTest</h3><table class="result"><tr><th class="invisible"/></tr></table><p class="totop"><a href="#summary">back to summary</a></p>
<h3 id="m23">com.pom.qa.testcases.LoginPageTest#invalidEmailwronPwdTest</h3><table class="result"><tr><th class="invisible"/></tr></table><p class="totop"><a href="#summary">back to summary</a></p>
<h3 id="m24">com.pom.qa.testcases.LoginPageTest#loginTitleTest</h3><table class="result"><tr><th class="invisible"/></tr></table><p class="totop"><a href="#summary">back to summary</a></p>
<h3 id="m25">com.pom.qa.testcases.LoginPageTest#pwdboxPresentTest</h3><table class="result"><tr><th class="invisible"/></tr></table><p class="totop"><a href="#summary">back to summary</a></p>
<h3 id="m26">com.pom.qa.testcases.LoginPageTest#reglinkDispalyedTest</h3><table class="result"><tr><th class="invisible"/></tr></table><p class="totop"><a href="#summary">back to summary</a></p>
<h3 id="m27">com.pom.qa.testcases.LoginPageTest#signinbtnEnableTest</h3><table class="result"><tr><th class="invisible"/></tr></table><p class="totop"><a href="#summary">back to summary</a></p>
<h3 id="m28">com.pom.qa.testcases.LoginPageTest#verifyForgotPwdTest</h3><table class="result"><tr><th class="invisible"/></tr></table><p class="totop"><a href="#summary">back to summary</a></p>
<h3 id="m29">com.pom.qa.testcases.LoginPageTest#wronEmailemtyPwdTest</h3><table class="result"><tr><th class="invisible"/></tr></table><p class="totop"><a href="#summary">back to summary</a></p>
</body>
</html>
