<?xml version="1.0" encoding="UTF-8"?>
<testng-results ignored="0" total="30" passed="26" failed="4" skipped="0">
  <reporter-output>
  </reporter-output>
  <suite started-at="2022-03-28T14:06:02 GMT-04:00" name="POM Suite" finished-at="2022-03-28T14:13:27 GMT-04:00" duration-ms="444058">
    <groups>
    </groups>
    <test started-at="2022-03-28T14:06:02 GMT-04:00" name="POM Test" finished-at="2022-03-28T14:13:27 GMT-04:00" duration-ms="444058">
      <class name="com.pom.qa.testcases.LoginPageTest">
        <test-method is-config="true" signature="setUp()[pri:0, instance:com.pom.qa.testcases.LoginPageTest@771a660]" started-at="2022-03-28T14:06:03 GMT-04:00" name="setUp" finished-at="2022-03-28T14:06:09 GMT-04:00" duration-ms="6595" status="PASS">
          <reporter-output>
          </reporter-output>
        </test-method> <!-- setUp -->
        <test-method signature="CorrectEmailwrongPwdTest()[pri:0, instance:com.pom.qa.testcases.LoginPageTest@771a660]" started-at="2022-03-28T14:06:09 GMT-04:00" name="CorrectEmailwrongPwdTest" finished-at="2022-03-28T14:06:11 GMT-04:00" duration-ms="1984" status="PASS">
          <reporter-output>
          </reporter-output>
        </test-method> <!-- CorrectEmailwrongPwdTest -->
        <test-method is-config="true" signature="tearDown()[pri:0, instance:com.pom.qa.testcases.LoginPageTest@771a660]" started-at="2022-03-28T14:06:11 GMT-04:00" name="tearDown" finished-at="2022-03-28T14:06:12 GMT-04:00" duration-ms="683" status="PASS">
          <reporter-output>
          </reporter-output>
        </test-method> <!-- tearDown -->
        <test-method is-config="true" signature="setUp()[pri:0, instance:com.pom.qa.testcases.LoginPageTest@771a660]" started-at="2022-03-28T14:06:12 GMT-04:00" name="setUp" finished-at="2022-03-28T14:06:18 GMT-04:00" duration-ms="6014" status="PASS">
          <reporter-output>
          </reporter-output>
        </test-method> <!-- setUp -->
        <test-method signature="LoginFromKeyboard()[pri:0, instance:com.pom.qa.testcases.LoginPageTest@771a660]" started-at="2022-03-28T14:06:18 GMT-04:00" name="LoginFromKeyboard" finished-at="2022-03-28T14:06:21 GMT-04:00" duration-ms="3005" status="PASS">
          <reporter-output>
          </reporter-output>
        </test-method> <!-- LoginFromKeyboard -->
        <test-method is-config="true" signature="tearDown()[pri:0, instance:com.pom.qa.testcases.LoginPageTest@771a660]" started-at="2022-03-28T14:06:21 GMT-04:00" name="tearDown" finished-at="2022-03-28T14:06:21 GMT-04:00" duration-ms="682" status="PASS">
          <reporter-output>
          </reporter-output>
        </test-method> <!-- tearDown -->
        <test-method is-config="true" signature="setUp()[pri:0, instance:com.pom.qa.testcases.LoginPageTest@771a660]" started-at="2022-03-28T14:06:21 GMT-04:00" name="setUp" finished-at="2022-03-28T14:06:32 GMT-04:00" duration-ms="10357" status="PASS">
          <reporter-output>
          </reporter-output>
        </test-method> <!-- setUp -->
        <test-method signature="LoginWithIncorrectData()[pri:0, instance:com.pom.qa.testcases.LoginPageTest@771a660]" started-at="2022-03-28T14:06:32 GMT-04:00" name="LoginWithIncorrectData" finished-at="2022-03-28T14:06:33 GMT-04:00" duration-ms="1038" status="PASS">
          <reporter-output>
          </reporter-output>
        </test-method> <!-- LoginWithIncorrectData -->
        <test-method is-config="true" signature="tearDown()[pri:0, instance:com.pom.qa.testcases.LoginPageTest@771a660]" started-at="2022-03-28T14:06:33 GMT-04:00" name="tearDown" finished-at="2022-03-28T14:06:34 GMT-04:00" duration-ms="641" status="PASS">
          <reporter-output>
          </reporter-output>
        </test-method> <!-- tearDown -->
        <test-method is-config="true" signature="setUp()[pri:0, instance:com.pom.qa.testcases.LoginPageTest@771a660]" started-at="2022-03-28T14:06:34 GMT-04:00" name="setUp" finished-at="2022-03-28T14:06:39 GMT-04:00" duration-ms="5418" status="PASS">
          <reporter-output>
          </reporter-output>
        </test-method> <!-- setUp -->
        <test-method signature="SuccessfulLogInTest()[pri:0, instance:com.pom.qa.testcases.LoginPageTest@771a660]" started-at="2022-03-28T14:06:39 GMT-04:00" name="SuccessfulLogInTest" finished-at="2022-03-28T14:06:41 GMT-04:00" duration-ms="2333" status="PASS">
          <reporter-output>
          </reporter-output>
        </test-method> <!-- SuccessfulLogInTest -->
        <test-method is-config="true" signature="tearDown()[pri:0, instance:com.pom.qa.testcases.LoginPageTest@771a660]" started-at="2022-03-28T14:06:41 GMT-04:00" name="tearDown" finished-at="2022-03-28T14:06:42 GMT-04:00" duration-ms="643" status="PASS">
          <reporter-output>
          </reporter-output>
        </test-method> <!-- tearDown -->
        <test-method is-config="true" signature="setUp()[pri:0, instance:com.pom.qa.testcases.LoginPageTest@771a660]" started-at="2022-03-28T14:06:42 GMT-04:00" name="setUp" finished-at="2022-03-28T14:06:47 GMT-04:00" duration-ms="4816" status="PASS">
          <reporter-output>
          </reporter-output>
        </test-method> <!-- setUp -->
        <test-method signature="WronEmailcorrectPwdTest()[pri:0, instance:com.pom.qa.testcases.LoginPageTest@771a660]" started-at="2022-03-28T14:06:47 GMT-04:00" name="WronEmailcorrectPwdTest" finished-at="2022-03-28T14:06:49 GMT-04:00" duration-ms="1942" status="PASS">
          <reporter-output>
          </reporter-output>
        </test-method> <!-- WronEmailcorrectPwdTest -->
        <test-method is-config="true" signature="tearDown()[pri:0, instance:com.pom.qa.testcases.LoginPageTest@771a660]" started-at="2022-03-28T14:06:49 GMT-04:00" name="tearDown" finished-at="2022-03-28T14:06:49 GMT-04:00" duration-ms="665" status="PASS">
          <reporter-output>
          </reporter-output>
        </test-method> <!-- tearDown -->
        <test-method is-config="true" signature="setUp()[pri:0, instance:com.pom.qa.testcases.LoginPageTest@771a660]" started-at="2022-03-28T14:06:49 GMT-04:00" name="setUp" finished-at="2022-03-28T14:06:56 GMT-04:00" duration-ms="6235" status="PASS">
          <reporter-output>
          </reporter-output>
        </test-method> <!-- setUp -->
        <test-method signature="correctEmailemptyPwdTest()[pri:0, instance:com.pom.qa.testcases.LoginPageTest@771a660]" started-at="2022-03-28T14:06:56 GMT-04:00" name="correctEmailemptyPwdTest" finished-at="2022-03-28T14:07:02 GMT-04:00" duration-ms="6451" status="PASS">
          <reporter-output>
          </reporter-output>
        </test-method> <!-- correctEmailemptyPwdTest -->
        <test-method is-config="true" signature="tearDown()[pri:0, instance:com.pom.qa.testcases.LoginPageTest@771a660]" started-at="2022-03-28T14:07:02 GMT-04:00" name="tearDown" finished-at="2022-03-28T14:07:03 GMT-04:00" duration-ms="682" status="PASS">
          <reporter-output>
          </reporter-output>
        </test-method> <!-- tearDown -->
        <test-method is-config="true" signature="setUp()[pri:0, instance:com.pom.qa.testcases.LoginPageTest@771a660]" started-at="2022-03-28T14:07:03 GMT-04:00" name="setUp" finished-at="2022-03-28T14:07:11 GMT-04:00" duration-ms="7975" status="PASS">
          <reporter-output>
          </reporter-output>
        </test-method> <!-- setUp -->
        <test-method signature="emailboxpresenttest()[pri:0, instance:com.pom.qa.testcases.LoginPageTest@771a660]" started-at="2022-03-28T14:07:11 GMT-04:00" name="emailboxpresenttest" finished-at="2022-03-28T14:07:11 GMT-04:00" duration-ms="59" status="PASS">
          <reporter-output>
          </reporter-output>
        </test-method> <!-- emailboxpresenttest -->
        <test-method is-config="true" signature="tearDown()[pri:0, instance:com.pom.qa.testcases.LoginPageTest@771a660]" started-at="2022-03-28T14:07:11 GMT-04:00" name="tearDown" finished-at="2022-03-28T14:07:12 GMT-04:00" duration-ms="782" status="PASS">
          <reporter-output>
          </reporter-output>
        </test-method> <!-- tearDown -->
        <test-method is-config="true" signature="setUp()[pri:0, instance:com.pom.qa.testcases.LoginPageTest@771a660]" started-at="2022-03-28T14:07:12 GMT-04:00" name="setUp" finished-at="2022-03-28T14:07:19 GMT-04:00" duration-ms="7209" status="PASS">
          <reporter-output>
          </reporter-output>
        </test-method> <!-- setUp -->
        <test-method signature="emptyEmailEmptyPwdTest()[pri:0, instance:com.pom.qa.testcases.LoginPageTest@771a660]" started-at="2022-03-28T14:07:19 GMT-04:00" name="emptyEmailEmptyPwdTest" finished-at="2022-03-28T14:07:22 GMT-04:00" duration-ms="3586" status="FAIL">
          <exception class="java.lang.AssertionError">
            <message>
              <![CDATA[expected [An email address required.] but found [Invalid email address.]]]>
            </message>
            <full-stacktrace>
              <![CDATA[java.lang.AssertionError: expected [An email address required.] but found [Invalid email address.]
at org.testng.Assert.fail(Assert.java:110)
at org.testng.Assert.failNotEquals(Assert.java:1413)
at org.testng.Assert.assertEqualsImpl(Assert.java:149)
at org.testng.Assert.assertEquals(Assert.java:131)
at org.testng.Assert.assertEquals(Assert.java:655)
at org.testng.Assert.assertEquals(Assert.java:665)
at com.pom.qa.testcases.LoginPageTest.emptyEmailEmptyPwdTest(LoginPageTest.java:125)
at java.base/jdk.internal.reflect.NativeMethodAccessorImpl.invoke0(Native Method)
at java.base/jdk.internal.reflect.NativeMethodAccessorImpl.invoke(NativeMethodAccessorImpl.java:64)
at java.base/jdk.internal.reflect.DelegatingMethodAccessorImpl.invoke(DelegatingMethodAccessorImpl.java:43)
at java.base/java.lang.reflect.Method.invoke(Method.java:564)
at org.testng.internal.invokers.MethodInvocationHelper.invokeMethod(MethodInvocationHelper.java:135)
at org.testng.internal.invokers.TestInvoker.invokeMethod(TestInvoker.java:673)
at org.testng.internal.invokers.TestInvoker.invokeTestMethod(TestInvoker.java:220)
at org.testng.internal.invokers.MethodRunner.runInSequence(MethodRunner.java:50)
at org.testng.internal.invokers.TestInvoker$MethodInvocationAgent.invoke(TestInvoker.java:945)
at org.testng.internal.invokers.TestInvoker.invokeTestMethods(TestInvoker.java:193)
at org.testng.internal.invokers.TestMethodWorker.invokeTestMethods(TestMethodWorker.java:146)
at org.testng.internal.invokers.TestMethodWorker.run(TestMethodWorker.java:128)
at java.base/java.util.ArrayList.forEach(ArrayList.java:1511)
at org.testng.TestRunner.privateRun(TestRunner.java:808)
at org.testng.TestRunner.run(TestRunner.java:603)
at org.testng.SuiteRunner.runTest(SuiteRunner.java:429)
at org.testng.SuiteRunner.runSequentially(SuiteRunner.java:423)
at org.testng.SuiteRunner.privateRun(SuiteRunner.java:383)
at org.testng.SuiteRunner.run(SuiteRunner.java:326)
at org.testng.SuiteRunnerWorker.runSuite(SuiteRunnerWorker.java:52)
at org.testng.SuiteRunnerWorker.run(SuiteRunnerWorker.java:95)
at org.testng.TestNG.runSuitesSequentially(TestNG.java:1249)
at org.testng.TestNG.runSuitesLocally(TestNG.java:1169)
at org.testng.TestNG.runSuites(TestNG.java:1092)
at org.testng.TestNG.run(TestNG.java:1060)
at org.testng.remote.AbstractRemoteTestNG.run(AbstractRemoteTestNG.java:115)
at org.testng.remote.RemoteTestNG.initAndRun(RemoteTestNG.java:251)
at org.testng.remote.RemoteTestNG.main(RemoteTestNG.java:77)
]]>
            </full-stacktrace>
          </exception> <!-- java.lang.AssertionError -->
          <reporter-output>
          </reporter-output>
        </test-method> <!-- emptyEmailEmptyPwdTest -->
        <test-method is-config="true" signature="tearDown()[pri:0, instance:com.pom.qa.testcases.LoginPageTest@771a660]" started-at="2022-03-28T14:07:22 GMT-04:00" name="tearDown" finished-at="2022-03-28T14:07:23 GMT-04:00" duration-ms="659" status="PASS">
          <reporter-output>
          </reporter-output>
        </test-method> <!-- tearDown -->
        <test-method is-config="true" signature="setUp()[pri:0, instance:com.pom.qa.testcases.LoginPageTest@771a660]" started-at="2022-03-28T14:07:23 GMT-04:00" name="setUp" finished-at="2022-03-28T14:07:29 GMT-04:00" duration-ms="5504" status="PASS">
          <reporter-output>
          </reporter-output>
        </test-method> <!-- setUp -->
        <test-method signature="emptyEmailcorrectPwdTest()[pri:0, instance:com.pom.qa.testcases.LoginPageTest@771a660]" started-at="2022-03-28T14:07:29 GMT-04:00" name="emptyEmailcorrectPwdTest" finished-at="2022-03-28T14:07:30 GMT-04:00" duration-ms="1473" status="PASS">
          <reporter-output>
          </reporter-output>
        </test-method> <!-- emptyEmailcorrectPwdTest -->
        <test-method is-config="true" signature="tearDown()[pri:0, instance:com.pom.qa.testcases.LoginPageTest@771a660]" started-at="2022-03-28T14:07:30 GMT-04:00" name="tearDown" finished-at="2022-03-28T14:07:31 GMT-04:00" duration-ms="725" status="PASS">
          <reporter-output>
          </reporter-output>
        </test-method> <!-- tearDown -->
        <test-method is-config="true" signature="setUp()[pri:0, instance:com.pom.qa.testcases.LoginPageTest@771a660]" started-at="2022-03-28T14:07:31 GMT-04:00" name="setUp" finished-at="2022-03-28T14:07:38 GMT-04:00" duration-ms="6998" status="PASS">
          <reporter-output>
          </reporter-output>
        </test-method> <!-- setUp -->
        <test-method signature="emptyEmailinvalidPwdTest()[pri:0, instance:com.pom.qa.testcases.LoginPageTest@771a660]" started-at="2022-03-28T14:07:38 GMT-04:00" name="emptyEmailinvalidPwdTest" finished-at="2022-03-28T14:07:41 GMT-04:00" duration-ms="3161" status="FAIL">
          <exception class="java.lang.AssertionError">
            <message>
              <![CDATA[expected [An email address required.] but found [Invalid email address.]]]>
            </message>
            <full-stacktrace>
              <![CDATA[java.lang.AssertionError: expected [An email address required.] but found [Invalid email address.]
at org.testng.Assert.fail(Assert.java:110)
at org.testng.Assert.failNotEquals(Assert.java:1413)
at org.testng.Assert.assertEqualsImpl(Assert.java:149)
at org.testng.Assert.assertEquals(Assert.java:131)
at org.testng.Assert.assertEquals(Assert.java:655)
at org.testng.Assert.assertEquals(Assert.java:665)
at com.pom.qa.testcases.LoginPageTest.emptyEmailinvalidPwdTest(LoginPageTest.java:131)
at java.base/jdk.internal.reflect.NativeMethodAccessorImpl.invoke0(Native Method)
at java.base/jdk.internal.reflect.NativeMethodAccessorImpl.invoke(NativeMethodAccessorImpl.java:64)
at java.base/jdk.internal.reflect.DelegatingMethodAccessorImpl.invoke(DelegatingMethodAccessorImpl.java:43)
at java.base/java.lang.reflect.Method.invoke(Method.java:564)
at org.testng.internal.invokers.MethodInvocationHelper.invokeMethod(MethodInvocationHelper.java:135)
at org.testng.internal.invokers.TestInvoker.invokeMethod(TestInvoker.java:673)
at org.testng.internal.invokers.TestInvoker.invokeTestMethod(TestInvoker.java:220)
at org.testng.internal.invokers.MethodRunner.runInSequence(MethodRunner.java:50)
at org.testng.internal.invokers.TestInvoker$MethodInvocationAgent.invoke(TestInvoker.java:945)
at org.testng.internal.invokers.TestInvoker.invokeTestMethods(TestInvoker.java:193)
at org.testng.internal.invokers.TestMethodWorker.invokeTestMethods(TestMethodWorker.java:146)
at org.testng.internal.invokers.TestMethodWorker.run(TestMethodWorker.java:128)
at java.base/java.util.ArrayList.forEach(ArrayList.java:1511)
at org.testng.TestRunner.privateRun(TestRunner.java:808)
at org.testng.TestRunner.run(TestRunner.java:603)
at org.testng.SuiteRunner.runTest(SuiteRunner.java:429)
at org.testng.SuiteRunner.runSequentially(SuiteRunner.java:423)
at org.testng.SuiteRunner.privateRun(SuiteRunner.java:383)
at org.testng.SuiteRunner.run(SuiteRunner.java:326)
at org.testng.SuiteRunnerWorker.runSuite(SuiteRunnerWorker.java:52)
at org.testng.SuiteRunnerWorker.run(SuiteRunnerWorker.java:95)
at org.testng.TestNG.runSuitesSequentially(TestNG.java:1249)
at org.testng.TestNG.runSuitesLocally(TestNG.java:1169)
at org.testng.TestNG.runSuites(TestNG.java:1092)
at org.testng.TestNG.run(TestNG.java:1060)
at org.testng.remote.AbstractRemoteTestNG.run(AbstractRemoteTestNG.java:115)
at org.testng.remote.RemoteTestNG.initAndRun(RemoteTestNG.java:251)
at org.testng.remote.RemoteTestNG.main(RemoteTestNG.java:77)
]]>
            </full-stacktrace>
          </exception> <!-- java.lang.AssertionError -->
          <reporter-output>
          </reporter-output>
        </test-method> <!-- emptyEmailinvalidPwdTest -->
        <test-method is-config="true" signature="tearDown()[pri:0, instance:com.pom.qa.testcases.LoginPageTest@771a660]" started-at="2022-03-28T14:07:41 GMT-04:00" name="tearDown" finished-at="2022-03-28T14:07:42 GMT-04:00" duration-ms="654" status="PASS">
          <reporter-output>
          </reporter-output>
        </test-method> <!-- tearDown -->
        <test-method is-config="true" signature="setUp()[pri:0, instance:com.pom.qa.testcases.LoginPageTest@771a660]" started-at="2022-03-28T14:07:42 GMT-04:00" name="setUp" finished-at="2022-03-28T14:07:49 GMT-04:00" duration-ms="7878" status="PASS">
          <reporter-output>
          </reporter-output>
        </test-method> <!-- setUp -->
        <test-method signature="emptyEmailwronPwdTest()[pri:0, instance:com.pom.qa.testcases.LoginPageTest@771a660]" started-at="2022-03-28T14:07:49 GMT-04:00" name="emptyEmailwronPwdTest" finished-at="2022-03-28T14:07:53 GMT-04:00" duration-ms="3408" status="PASS">
          <reporter-output>
          </reporter-output>
        </test-method> <!-- emptyEmailwronPwdTest -->
        <test-method is-config="true" signature="tearDown()[pri:0, instance:com.pom.qa.testcases.LoginPageTest@771a660]" started-at="2022-03-28T14:07:53 GMT-04:00" name="tearDown" finished-at="2022-03-28T14:07:54 GMT-04:00" duration-ms="861" status="PASS">
          <reporter-output>
          </reporter-output>
        </test-method> <!-- tearDown -->
        <test-method is-config="true" signature="setUp()[pri:0, instance:com.pom.qa.testcases.LoginPageTest@771a660]" started-at="2022-03-28T14:07:54 GMT-04:00" name="setUp" finished-at="2022-03-28T14:08:05 GMT-04:00" duration-ms="11008" status="PASS">
          <reporter-output>
          </reporter-output>
        </test-method> <!-- setUp -->
        <test-method signature="forgotpwdLinkTest()[pri:0, instance:com.pom.qa.testcases.LoginPageTest@771a660]" started-at="2022-03-28T14:08:05 GMT-04:00" name="forgotpwdLinkTest" finished-at="2022-03-28T14:08:12 GMT-04:00" duration-ms="7175" status="PASS">
          <reporter-output>
          </reporter-output>
        </test-method> <!-- forgotpwdLinkTest -->
        <test-method is-config="true" signature="tearDown()[pri:0, instance:com.pom.qa.testcases.LoginPageTest@771a660]" started-at="2022-03-28T14:08:12 GMT-04:00" name="tearDown" finished-at="2022-03-28T14:08:13 GMT-04:00" duration-ms="667" status="PASS">
          <reporter-output>
          </reporter-output>
        </test-method> <!-- tearDown -->
        <test-method is-config="true" signature="setUp()[pri:0, instance:com.pom.qa.testcases.LoginPageTest@771a660]" started-at="2022-03-28T14:08:13 GMT-04:00" name="setUp" finished-at="2022-03-28T14:08:19 GMT-04:00" duration-ms="6907" status="PASS">
          <reporter-output>
          </reporter-output>
        </test-method> <!-- setUp -->
        <test-method signature="invalidEmaiemptyPwdTest()[pri:0, instance:com.pom.qa.testcases.LoginPageTest@771a660]" started-at="2022-03-28T14:08:19 GMT-04:00" name="invalidEmaiemptyPwdTest" finished-at="2022-03-28T14:08:29 GMT-04:00" duration-ms="9523" status="PASS">
          <reporter-output>
          </reporter-output>
        </test-method> <!-- invalidEmaiemptyPwdTest -->
        <test-method is-config="true" signature="tearDown()[pri:0, instance:com.pom.qa.testcases.LoginPageTest@771a660]" started-at="2022-03-28T14:08:29 GMT-04:00" name="tearDown" finished-at="2022-03-28T14:08:30 GMT-04:00" duration-ms="683" status="PASS">
          <reporter-output>
          </reporter-output>
        </test-method> <!-- tearDown -->
        <test-method is-config="true" signature="setUp()[pri:0, instance:com.pom.qa.testcases.LoginPageTest@771a660]" started-at="2022-03-28T14:08:30 GMT-04:00" name="setUp" finished-at="2022-03-28T14:08:43 GMT-04:00" duration-ms="13536" status="PASS">
          <reporter-output>
          </reporter-output>
        </test-method> <!-- setUp -->
        <test-method signature="invalidEmailcorrectPwdTest()[pri:0, instance:com.pom.qa.testcases.LoginPageTest@771a660]" started-at="2022-03-28T14:08:43 GMT-04:00" name="invalidEmailcorrectPwdTest" finished-at="2022-03-28T14:08:54 GMT-04:00" duration-ms="10749" status="PASS">
          <reporter-output>
          </reporter-output>
        </test-method> <!-- invalidEmailcorrectPwdTest -->
        <test-method is-config="true" signature="tearDown()[pri:0, instance:com.pom.qa.testcases.LoginPageTest@771a660]" started-at="2022-03-28T14:08:54 GMT-04:00" name="tearDown" finished-at="2022-03-28T14:08:55 GMT-04:00" duration-ms="669" status="PASS">
          <reporter-output>
          </reporter-output>
        </test-method> <!-- tearDown -->
        <test-method is-config="true" signature="setUp()[pri:0, instance:com.pom.qa.testcases.LoginPageTest@771a660]" started-at="2022-03-28T14:08:55 GMT-04:00" name="setUp" finished-at="2022-03-28T14:09:08 GMT-04:00" duration-ms="13529" status="PASS">
          <reporter-output>
          </reporter-output>
        </test-method> <!-- setUp -->
        <test-method signature="invalidEmailwronPwdTest()[pri:0, instance:com.pom.qa.testcases.LoginPageTest@771a660]" started-at="2022-03-28T14:09:08 GMT-04:00" name="invalidEmailwronPwdTest" finished-at="2022-03-28T14:09:20 GMT-04:00" duration-ms="11406" status="PASS">
          <reporter-output>
          </reporter-output>
        </test-method> <!-- invalidEmailwronPwdTest -->
        <test-method is-config="true" signature="tearDown()[pri:0, instance:com.pom.qa.testcases.LoginPageTest@771a660]" started-at="2022-03-28T14:09:20 GMT-04:00" name="tearDown" finished-at="2022-03-28T14:09:20 GMT-04:00" duration-ms="661" status="PASS">
          <reporter-output>
          </reporter-output>
        </test-method> <!-- tearDown -->
        <test-method is-config="true" signature="setUp()[pri:0, instance:com.pom.qa.testcases.LoginPageTest@771a660]" started-at="2022-03-28T14:09:20 GMT-04:00" name="setUp" finished-at="2022-03-28T14:09:35 GMT-04:00" duration-ms="15016" status="PASS">
          <reporter-output>
          </reporter-output>
        </test-method> <!-- setUp -->
        <test-method signature="loginTitleTest()[pri:0, instance:com.pom.qa.testcases.LoginPageTest@771a660]" started-at="2022-03-28T14:09:35 GMT-04:00" name="loginTitleTest" finished-at="2022-03-28T14:09:35 GMT-04:00" duration-ms="7" status="PASS">
          <reporter-output>
          </reporter-output>
        </test-method> <!-- loginTitleTest -->
        <test-method is-config="true" signature="tearDown()[pri:0, instance:com.pom.qa.testcases.LoginPageTest@771a660]" started-at="2022-03-28T14:09:35 GMT-04:00" name="tearDown" finished-at="2022-03-28T14:09:36 GMT-04:00" duration-ms="686" status="PASS">
          <reporter-output>
          </reporter-output>
        </test-method> <!-- tearDown -->
        <test-method is-config="true" signature="setUp()[pri:0, instance:com.pom.qa.testcases.LoginPageTest@771a660]" started-at="2022-03-28T14:09:36 GMT-04:00" name="setUp" finished-at="2022-03-28T14:09:51 GMT-04:00" duration-ms="15534" status="PASS">
          <reporter-output>
          </reporter-output>
        </test-method> <!-- setUp -->
        <test-method signature="loginWithEnterbtnCorrectEmailemptypwdTest()[pri:0, instance:com.pom.qa.testcases.LoginPageTest@771a660]" started-at="2022-03-28T14:09:51 GMT-04:00" name="loginWithEnterbtnCorrectEmailemptypwdTest" finished-at="2022-03-28T14:10:02 GMT-04:00" duration-ms="10487" status="FAIL">
          <exception class="org.openqa.selenium.NoSuchElementException">
            <message>
              <![CDATA[no such element: Unable to locate element: {"method":"xpath","selector":"//div[@class='alert alert-danger']/ol/li"}
  (Session info: chrome=99.0.4844.84)
For documentation on this error, please visit: https://selenium.dev/exceptions/#no_such_element
Build info: version: '4.1.2', revision: '9a5a329c5a'
System info: host: 'DESKTOP-E58OIO1', ip: '192.168.0.172', os.name: 'Windows 10', os.arch: 'amd64', os.version: '10.0', java.version: '15.0.1'
Driver info: org.openqa.selenium.chrome.ChromeDriver
Command: [83e008a0b7d398b7f118a7a41772e6ad, findElement {using=xpath, value=//div[@class='alert alert-danger']/ol/li}]
Capabilities {acceptInsecureCerts: false, browserName: chrome, browserVersion: 99.0.4844.84, chrome: {chromedriverVersion: 99.0.4844.51 (d537ec02474b5..., userDataDir: C:\Users\HPWORL~1\AppData\L...}, goog:chromeOptions: {debuggerAddress: localhost:52643}, javascriptEnabled: true, networkConnectionEnabled: false, pageLoadStrategy: normal, platform: WINDOWS, platformName: WINDOWS, proxy: Proxy(), se:cdp: ws://localhost:52643/devtoo..., se:cdpVersion: 99.0.4844.84, setWindowRect: true, strictFileInteractability: false, timeouts: {implicit: 0, pageLoad: 300000, script: 30000}, unhandledPromptBehavior: dismiss and notify, webauthn:extension:credBlob: true, webauthn:extension:largeBlob: true, webauthn:virtualAuthenticators: true}
Session ID: 83e008a0b7d398b7f118a7a41772e6ad]]>
            </message>
            <full-stacktrace>
              <![CDATA[org.openqa.selenium.NoSuchElementException: no such element: Unable to locate element: {"method":"xpath","selector":"//div[@class='alert alert-danger']/ol/li"}
  (Session info: chrome=99.0.4844.84)
For documentation on this error, please visit: https://selenium.dev/exceptions/#no_such_element
Build info: version: '4.1.2', revision: '9a5a329c5a'
System info: host: 'DESKTOP-E58OIO1', ip: '192.168.0.172', os.name: 'Windows 10', os.arch: 'amd64', os.version: '10.0', java.version: '15.0.1'
Driver info: org.openqa.selenium.chrome.ChromeDriver
Command: [83e008a0b7d398b7f118a7a41772e6ad, findElement {using=xpath, value=//div[@class='alert alert-danger']/ol/li}]
Capabilities {acceptInsecureCerts: false, browserName: chrome, browserVersion: 99.0.4844.84, chrome: {chromedriverVersion: 99.0.4844.51 (d537ec02474b5..., userDataDir: C:\Users\HPWORL~1\AppData\L...}, goog:chromeOptions: {debuggerAddress: localhost:52643}, javascriptEnabled: true, networkConnectionEnabled: false, pageLoadStrategy: normal, platform: WINDOWS, platformName: WINDOWS, proxy: Proxy(), se:cdp: ws://localhost:52643/devtoo..., se:cdpVersion: 99.0.4844.84, setWindowRect: true, strictFileInteractability: false, timeouts: {implicit: 0, pageLoad: 300000, script: 30000}, unhandledPromptBehavior: dismiss and notify, webauthn:extension:credBlob: true, webauthn:extension:largeBlob: true, webauthn:virtualAuthenticators: true}
Session ID: 83e008a0b7d398b7f118a7a41772e6ad
at java.base/jdk.internal.reflect.NativeConstructorAccessorImpl.newInstance0(Native Method)
at java.base/jdk.internal.reflect.NativeConstructorAccessorImpl.newInstance(NativeConstructorAccessorImpl.java:64)
at java.base/jdk.internal.reflect.DelegatingConstructorAccessorImpl.newInstance(DelegatingConstructorAccessorImpl.java:45)
at java.base/java.lang.reflect.Constructor.newInstanceWithCaller(Constructor.java:500)
at java.base/java.lang.reflect.Constructor.newInstance(Constructor.java:481)
at org.openqa.selenium.remote.codec.w3c.W3CHttpResponseCodec.createException(W3CHttpResponseCodec.java:200)
at org.openqa.selenium.remote.codec.w3c.W3CHttpResponseCodec.decode(W3CHttpResponseCodec.java:133)
at org.openqa.selenium.remote.codec.w3c.W3CHttpResponseCodec.decode(W3CHttpResponseCodec.java:53)
at org.openqa.selenium.remote.HttpCommandExecutor.execute(HttpCommandExecutor.java:184)
at org.openqa.selenium.remote.service.DriverCommandExecutor.invokeExecute(DriverCommandExecutor.java:167)
at org.openqa.selenium.remote.service.DriverCommandExecutor.execute(DriverCommandExecutor.java:142)
at org.openqa.selenium.remote.RemoteWebDriver.execute(RemoteWebDriver.java:558)
at org.openqa.selenium.remote.ElementLocation$ElementFinder$2.findElement(ElementLocation.java:162)
at org.openqa.selenium.remote.ElementLocation.findElement(ElementLocation.java:60)
at org.openqa.selenium.remote.RemoteWebDriver.findElement(RemoteWebDriver.java:382)
at org.openqa.selenium.remote.RemoteWebDriver.findElement(RemoteWebDriver.java:374)
at org.openqa.selenium.support.pagefactory.DefaultElementLocator.findElement(DefaultElementLocator.java:70)
at org.openqa.selenium.support.pagefactory.internal.LocatingElementHandler.invoke(LocatingElementHandler.java:39)
at com.sun.proxy.$Proxy17.getText(Unknown Source)
at com.pom.qa.pages.LoginPage.errorMsgVerify(LoginPage.java:135)
at com.pom.qa.testcases.LoginPageTest.loginWithEnterbtnCorrectEmailemptypwdTest(LoginPageTest.java:143)
at java.base/jdk.internal.reflect.NativeMethodAccessorImpl.invoke0(Native Method)
at java.base/jdk.internal.reflect.NativeMethodAccessorImpl.invoke(NativeMethodAccessorImpl.java:64)
at java.base/jdk.internal.reflect.DelegatingMethodAccessorImpl.invoke(DelegatingMethodAccessorImpl.java:43)
at java.base/java.lang.reflect.Method.invoke(Method.java:564)
at org.testng.internal.invokers.MethodInvocationHelper.invokeMethod(MethodInvocationHelper.java:135)
at org.testng.internal.invokers.TestInvoker.invokeMethod(TestInvoker.java:673)
at org.testng.internal.invokers.TestInvoker.invokeTestMethod(TestInvoker.java:220)
at org.testng.internal.invokers.MethodRunner.runInSequence(MethodRunner.java:50)
at org.testng.internal.invokers.TestInvoker$MethodInvocationAgent.invoke(TestInvoker.java:945)
at org.testng.internal.invokers.TestInvoker.invokeTestMethods(TestInvoker.java:193)
at org.testng.internal.invokers.TestMethodWorker.invokeTestMethods(TestMethodWorker.java:146)
at org.testng.internal.invokers.TestMethodWorker.run(TestMethodWorker.java:128)
at java.base/java.util.ArrayList.forEach(ArrayList.java:1511)
at org.testng.TestRunner.privateRun(TestRunner.java:808)
at org.testng.TestRunner.run(TestRunner.java:603)
at org.testng.SuiteRunner.runTest(SuiteRunner.java:429)
at org.testng.SuiteRunner.runSequentially(SuiteRunner.java:423)
at org.testng.SuiteRunner.privateRun(SuiteRunner.java:383)
at org.testng.SuiteRunner.run(SuiteRunner.java:326)
at org.testng.SuiteRunnerWorker.runSuite(SuiteRunnerWorker.java:52)
at org.testng.SuiteRunnerWorker.run(SuiteRunnerWorker.java:95)
at org.testng.TestNG.runSuitesSequentially(TestNG.java:1249)
at org.testng.TestNG.runSuitesLocally(TestNG.java:1169)
at org.testng.TestNG.runSuites(TestNG.java:1092)
at org.testng.TestNG.run(TestNG.java:1060)
at org.testng.remote.AbstractRemoteTestNG.run(AbstractRemoteTestNG.java:115)
at org.testng.remote.RemoteTestNG.initAndRun(RemoteTestNG.java:251)
at org.testng.remote.RemoteTestNG.main(RemoteTestNG.java:77)
]]>
            </full-stacktrace>
          </exception> <!-- org.openqa.selenium.NoSuchElementException -->
          <reporter-output>
          </reporter-output>
        </test-method> <!-- loginWithEnterbtnCorrectEmailemptypwdTest -->
        <test-method is-config="true" signature="tearDown()[pri:0, instance:com.pom.qa.testcases.LoginPageTest@771a660]" started-at="2022-03-28T14:10:02 GMT-04:00" name="tearDown" finished-at="2022-03-28T14:10:03 GMT-04:00" duration-ms="668" status="PASS">
          <reporter-output>
          </reporter-output>
        </test-method> <!-- tearDown -->
        <test-method is-config="true" signature="setUp()[pri:0, instance:com.pom.qa.testcases.LoginPageTest@771a660]" started-at="2022-03-28T14:10:03 GMT-04:00" name="setUp" finished-at="2022-03-28T14:10:15 GMT-04:00" duration-ms="12869" status="PASS">
          <reporter-output>
          </reporter-output>
        </test-method> <!-- setUp -->
        <test-method signature="pwdboxPresentTest()[pri:0, instance:com.pom.qa.testcases.LoginPageTest@771a660]" started-at="2022-03-28T14:10:15 GMT-04:00" name="pwdboxPresentTest" finished-at="2022-03-28T14:10:16 GMT-04:00" duration-ms="78" status="PASS">
          <reporter-output>
          </reporter-output>
        </test-method> <!-- pwdboxPresentTest -->
        <test-method is-config="true" signature="tearDown()[pri:0, instance:com.pom.qa.testcases.LoginPageTest@771a660]" started-at="2022-03-28T14:10:16 GMT-04:00" name="tearDown" finished-at="2022-03-28T14:10:16 GMT-04:00" duration-ms="688" status="PASS">
          <reporter-output>
          </reporter-output>
        </test-method> <!-- tearDown -->
        <test-method is-config="true" signature="setUp()[pri:0, instance:com.pom.qa.testcases.LoginPageTest@771a660]" started-at="2022-03-28T14:10:16 GMT-04:00" name="setUp" finished-at="2022-03-28T14:10:20 GMT-04:00" duration-ms="4221" status="PASS">
          <reporter-output>
          </reporter-output>
        </test-method> <!-- setUp -->
        <test-method signature="registerlinkTextTest()[pri:0, instance:com.pom.qa.testcases.LoginPageTest@771a660]" started-at="2022-03-28T14:10:20 GMT-04:00" name="registerlinkTextTest" finished-at="2022-03-28T14:10:30 GMT-04:00" duration-ms="10016" status="FAIL">
          <exception class="org.openqa.selenium.NoSuchElementException">
            <message>
              <![CDATA[no such element: Unable to locate element: {"method":"xpath","selector":"//h3[contains(text(),'Already registered?')]"}
  (Session info: chrome=99.0.4844.84)
For documentation on this error, please visit: https://selenium.dev/exceptions/#no_such_element
Build info: version: '4.1.2', revision: '9a5a329c5a'
System info: host: 'DESKTOP-E58OIO1', ip: '192.168.0.172', os.name: 'Windows 10', os.arch: 'amd64', os.version: '10.0', java.version: '15.0.1'
Driver info: org.openqa.selenium.chrome.ChromeDriver
Command: [4402bb1784ccdcea2c31605e32975f62, findElement {using=xpath, value=//h3[contains(text(),'Already registered?')]}]
Capabilities {acceptInsecureCerts: false, browserName: chrome, browserVersion: 99.0.4844.84, chrome: {chromedriverVersion: 99.0.4844.51 (d537ec02474b5..., userDataDir: C:\Users\HPWORL~1\AppData\L...}, goog:chromeOptions: {debuggerAddress: localhost:52691}, javascriptEnabled: true, networkConnectionEnabled: false, pageLoadStrategy: normal, platform: WINDOWS, platformName: WINDOWS, proxy: Proxy(), se:cdp: ws://localhost:52691/devtoo..., se:cdpVersion: 99.0.4844.84, setWindowRect: true, strictFileInteractability: false, timeouts: {implicit: 0, pageLoad: 300000, script: 30000}, unhandledPromptBehavior: dismiss and notify, webauthn:extension:credBlob: true, webauthn:extension:largeBlob: true, webauthn:virtualAuthenticators: true}
Session ID: 4402bb1784ccdcea2c31605e32975f62]]>
            </message>
            <full-stacktrace>
              <![CDATA[org.openqa.selenium.NoSuchElementException: no such element: Unable to locate element: {"method":"xpath","selector":"//h3[contains(text(),'Already registered?')]"}
  (Session info: chrome=99.0.4844.84)
For documentation on this error, please visit: https://selenium.dev/exceptions/#no_such_element
Build info: version: '4.1.2', revision: '9a5a329c5a'
System info: host: 'DESKTOP-E58OIO1', ip: '192.168.0.172', os.name: 'Windows 10', os.arch: 'amd64', os.version: '10.0', java.version: '15.0.1'
Driver info: org.openqa.selenium.chrome.ChromeDriver
Command: [4402bb1784ccdcea2c31605e32975f62, findElement {using=xpath, value=//h3[contains(text(),'Already registered?')]}]
Capabilities {acceptInsecureCerts: false, browserName: chrome, browserVersion: 99.0.4844.84, chrome: {chromedriverVersion: 99.0.4844.51 (d537ec02474b5..., userDataDir: C:\Users\HPWORL~1\AppData\L...}, goog:chromeOptions: {debuggerAddress: localhost:52691}, javascriptEnabled: true, networkConnectionEnabled: false, pageLoadStrategy: normal, platform: WINDOWS, platformName: WINDOWS, proxy: Proxy(), se:cdp: ws://localhost:52691/devtoo..., se:cdpVersion: 99.0.4844.84, setWindowRect: true, strictFileInteractability: false, timeouts: {implicit: 0, pageLoad: 300000, script: 30000}, unhandledPromptBehavior: dismiss and notify, webauthn:extension:credBlob: true, webauthn:extension:largeBlob: true, webauthn:virtualAuthenticators: true}
Session ID: 4402bb1784ccdcea2c31605e32975f62
at java.base/jdk.internal.reflect.NativeConstructorAccessorImpl.newInstance0(Native Method)
at java.base/jdk.internal.reflect.NativeConstructorAccessorImpl.newInstance(NativeConstructorAccessorImpl.java:64)
at java.base/jdk.internal.reflect.DelegatingConstructorAccessorImpl.newInstance(DelegatingConstructorAccessorImpl.java:45)
at java.base/java.lang.reflect.Constructor.newInstanceWithCaller(Constructor.java:500)
at java.base/java.lang.reflect.Constructor.newInstance(Constructor.java:481)
at org.openqa.selenium.remote.codec.w3c.W3CHttpResponseCodec.createException(W3CHttpResponseCodec.java:200)
at org.openqa.selenium.remote.codec.w3c.W3CHttpResponseCodec.decode(W3CHttpResponseCodec.java:133)
at org.openqa.selenium.remote.codec.w3c.W3CHttpResponseCodec.decode(W3CHttpResponseCodec.java:53)
at org.openqa.selenium.remote.HttpCommandExecutor.execute(HttpCommandExecutor.java:184)
at org.openqa.selenium.remote.service.DriverCommandExecutor.invokeExecute(DriverCommandExecutor.java:167)
at org.openqa.selenium.remote.service.DriverCommandExecutor.execute(DriverCommandExecutor.java:142)
at org.openqa.selenium.remote.RemoteWebDriver.execute(RemoteWebDriver.java:558)
at org.openqa.selenium.remote.ElementLocation$ElementFinder$2.findElement(ElementLocation.java:162)
at org.openqa.selenium.remote.ElementLocation.findElement(ElementLocation.java:60)
at org.openqa.selenium.remote.RemoteWebDriver.findElement(RemoteWebDriver.java:382)
at org.openqa.selenium.remote.RemoteWebDriver.findElement(RemoteWebDriver.java:374)
at org.openqa.selenium.support.pagefactory.DefaultElementLocator.findElement(DefaultElementLocator.java:70)
at org.openqa.selenium.support.pagefactory.internal.LocatingElementHandler.invoke(LocatingElementHandler.java:39)
at com.sun.proxy.$Proxy17.getText(Unknown Source)
at com.pom.qa.pages.LoginPage.reglinkText(LoginPage.java:53)
at com.pom.qa.testcases.LoginPageTest.registerlinkTextTest(LoginPageTest.java:38)
at java.base/jdk.internal.reflect.NativeMethodAccessorImpl.invoke0(Native Method)
at java.base/jdk.internal.reflect.NativeMethodAccessorImpl.invoke(NativeMethodAccessorImpl.java:64)
at java.base/jdk.internal.reflect.DelegatingMethodAccessorImpl.invoke(DelegatingMethodAccessorImpl.java:43)
at java.base/java.lang.reflect.Method.invoke(Method.java:564)
at org.testng.internal.invokers.MethodInvocationHelper.invokeMethod(MethodInvocationHelper.java:135)
at org.testng.internal.invokers.TestInvoker.invokeMethod(TestInvoker.java:673)
at org.testng.internal.invokers.TestInvoker.invokeTestMethod(TestInvoker.java:220)
at org.testng.internal.invokers.MethodRunner.runInSequence(MethodRunner.java:50)
at org.testng.internal.invokers.TestInvoker$MethodInvocationAgent.invoke(TestInvoker.java:945)
at org.testng.internal.invokers.TestInvoker.invokeTestMethods(TestInvoker.java:193)
at org.testng.internal.invokers.TestMethodWorker.invokeTestMethods(TestMethodWorker.java:146)
at org.testng.internal.invokers.TestMethodWorker.run(TestMethodWorker.java:128)
at java.base/java.util.ArrayList.forEach(ArrayList.java:1511)
at org.testng.TestRunner.privateRun(TestRunner.java:808)
at org.testng.TestRunner.run(TestRunner.java:603)
at org.testng.SuiteRunner.runTest(SuiteRunner.java:429)
at org.testng.SuiteRunner.runSequentially(SuiteRunner.java:423)
at org.testng.SuiteRunner.privateRun(SuiteRunner.java:383)
at org.testng.SuiteRunner.run(SuiteRunner.java:326)
at org.testng.SuiteRunnerWorker.runSuite(SuiteRunnerWorker.java:52)
at org.testng.SuiteRunnerWorker.run(SuiteRunnerWorker.java:95)
at org.testng.TestNG.runSuitesSequentially(TestNG.java:1249)
at org.testng.TestNG.runSuitesLocally(TestNG.java:1169)
at org.testng.TestNG.runSuites(TestNG.java:1092)
at org.testng.TestNG.run(TestNG.java:1060)
at org.testng.remote.AbstractRemoteTestNG.run(AbstractRemoteTestNG.java:115)
at org.testng.remote.RemoteTestNG.initAndRun(RemoteTestNG.java:251)
at org.testng.remote.RemoteTestNG.main(RemoteTestNG.java:77)
]]>
            </full-stacktrace>
          </exception> <!-- org.openqa.selenium.NoSuchElementException -->
          <reporter-output>
          </reporter-output>
        </test-method> <!-- registerlinkTextTest -->
        <test-method is-config="true" signature="tearDown()[pri:0, instance:com.pom.qa.testcases.LoginPageTest@771a660]" started-at="2022-03-28T14:10:30 GMT-04:00" name="tearDown" finished-at="2022-03-28T14:10:31 GMT-04:00" duration-ms="678" status="PASS">
          <reporter-output>
          </reporter-output>
        </test-method> <!-- tearDown -->
        <test-method is-config="true" signature="setUp()[pri:0, instance:com.pom.qa.testcases.LoginPageTest@771a660]" started-at="2022-03-28T14:10:31 GMT-04:00" name="setUp" finished-at="2022-03-28T14:10:44 GMT-04:00" duration-ms="13218" status="PASS">
          <reporter-output>
          </reporter-output>
        </test-method> <!-- setUp -->
        <test-method signature="reglinkDispalyedTest()[pri:0, instance:com.pom.qa.testcases.LoginPageTest@771a660]" started-at="2022-03-28T14:10:44 GMT-04:00" name="reglinkDispalyedTest" finished-at="2022-03-28T14:10:44 GMT-04:00" duration-ms="93" status="PASS">
          <reporter-output>
          </reporter-output>
        </test-method> <!-- reglinkDispalyedTest -->
        <test-method is-config="true" signature="tearDown()[pri:0, instance:com.pom.qa.testcases.LoginPageTest@771a660]" started-at="2022-03-28T14:10:44 GMT-04:00" name="tearDown" finished-at="2022-03-28T14:10:45 GMT-04:00" duration-ms="750" status="PASS">
          <reporter-output>
          </reporter-output>
        </test-method> <!-- tearDown -->
        <test-method is-config="true" signature="setUp()[pri:0, instance:com.pom.qa.testcases.LoginPageTest@771a660]" started-at="2022-03-28T14:10:45 GMT-04:00" name="setUp" finished-at="2022-03-28T14:10:58 GMT-04:00" duration-ms="12954" status="PASS">
          <reporter-output>
          </reporter-output>
        </test-method> <!-- setUp -->
        <test-method signature="signinbtnEnableTest()[pri:0, instance:com.pom.qa.testcases.LoginPageTest@771a660]" started-at="2022-03-28T14:10:58 GMT-04:00" name="signinbtnEnableTest" finished-at="2022-03-28T14:10:58 GMT-04:00" duration-ms="32" status="PASS">
          <reporter-output>
          </reporter-output>
        </test-method> <!-- signinbtnEnableTest -->
        <test-method is-config="true" signature="tearDown()[pri:0, instance:com.pom.qa.testcases.LoginPageTest@771a660]" started-at="2022-03-28T14:10:58 GMT-04:00" name="tearDown" finished-at="2022-03-28T14:10:59 GMT-04:00" duration-ms="655" status="PASS">
          <reporter-output>
          </reporter-output>
        </test-method> <!-- tearDown -->
        <test-method is-config="true" signature="setUp()[pri:0, instance:com.pom.qa.testcases.LoginPageTest@771a660]" started-at="2022-03-28T14:10:59 GMT-04:00" name="setUp" finished-at="2022-03-28T14:11:12 GMT-04:00" duration-ms="13234" status="PASS">
          <reporter-output>
          </reporter-output>
        </test-method> <!-- setUp -->
        <test-method signature="verifyForgotPwdTest()[pri:0, instance:com.pom.qa.testcases.LoginPageTest@771a660]" started-at="2022-03-28T14:11:12 GMT-04:00" name="verifyForgotPwdTest" finished-at="2022-03-28T14:11:12 GMT-04:00" duration-ms="82" status="PASS">
          <reporter-output>
          </reporter-output>
        </test-method> <!-- verifyForgotPwdTest -->
        <test-method is-config="true" signature="tearDown()[pri:0, instance:com.pom.qa.testcases.LoginPageTest@771a660]" started-at="2022-03-28T14:11:12 GMT-04:00" name="tearDown" finished-at="2022-03-28T14:11:13 GMT-04:00" duration-ms="684" status="PASS">
          <reporter-output>
          </reporter-output>
        </test-method> <!-- tearDown -->
        <test-method is-config="true" signature="setUp()[pri:0, instance:com.pom.qa.testcases.LoginPageTest@771a660]" started-at="2022-03-28T14:11:13 GMT-04:00" name="setUp" finished-at="2022-03-28T14:11:21 GMT-04:00" duration-ms="8168" status="PASS">
          <reporter-output>
          </reporter-output>
        </test-method> <!-- setUp -->
        <test-method signature="wronEmailemtyPwdTest()[pri:0, instance:com.pom.qa.testcases.LoginPageTest@771a660]" started-at="2022-03-28T14:11:21 GMT-04:00" name="wronEmailemtyPwdTest" finished-at="2022-03-28T14:11:31 GMT-04:00" duration-ms="9495" status="PASS">
          <reporter-output>
          </reporter-output>
        </test-method> <!-- wronEmailemtyPwdTest -->
        <test-method is-config="true" signature="tearDown()[pri:0, instance:com.pom.qa.testcases.LoginPageTest@771a660]" started-at="2022-03-28T14:11:31 GMT-04:00" name="tearDown" finished-at="2022-03-28T14:11:31 GMT-04:00" duration-ms="656" status="PASS">
          <reporter-output>
          </reporter-output>
        </test-method> <!-- tearDown -->
      </class> <!-- com.pom.qa.testcases.LoginPageTest -->
      <class name="com.pom.qa.testcases.HomePageTest">
        <test-method is-config="true" signature="setUp()[pri:0, instance:com.pom.qa.testcases.HomePageTest@5ab956d7]" started-at="2022-03-28T14:12:23 GMT-04:00" name="setUp" finished-at="2022-03-28T14:12:37 GMT-04:00" duration-ms="13823" status="PASS">
          <reporter-output>
          </reporter-output>
        </test-method> <!-- setUp -->
        <test-method signature="homepagetitle()[pri:0, instance:com.pom.qa.testcases.HomePageTest@5ab956d7]" started-at="2022-03-28T14:12:37 GMT-04:00" name="homepagetitle" finished-at="2022-03-28T14:12:37 GMT-04:00" duration-ms="7" status="PASS">
          <reporter-output>
          </reporter-output>
        </test-method> <!-- homepagetitle -->
        <test-method is-config="true" signature="tearDown()[pri:0, instance:com.pom.qa.testcases.HomePageTest@5ab956d7]" started-at="2022-03-28T14:12:37 GMT-04:00" name="tearDown" finished-at="2022-03-28T14:12:38 GMT-04:00" duration-ms="693" status="PASS">
          <reporter-output>
          </reporter-output>
        </test-method> <!-- tearDown -->
        <test-method is-config="true" signature="setUp()[pri:0, instance:com.pom.qa.testcases.HomePageTest@5ab956d7]" started-at="2022-03-28T14:12:38 GMT-04:00" name="setUp" finished-at="2022-03-28T14:12:46 GMT-04:00" duration-ms="8155" status="PASS">
          <reporter-output>
          </reporter-output>
        </test-method> <!-- setUp -->
        <test-method signature="logoPresenttest()[pri:0, instance:com.pom.qa.testcases.HomePageTest@5ab956d7]" started-at="2022-03-28T14:12:46 GMT-04:00" name="logoPresenttest" finished-at="2022-03-28T14:12:46 GMT-04:00" duration-ms="44" status="PASS">
          <reporter-output>
          </reporter-output>
        </test-method> <!-- logoPresenttest -->
        <test-method is-config="true" signature="tearDown()[pri:0, instance:com.pom.qa.testcases.HomePageTest@5ab956d7]" started-at="2022-03-28T14:12:46 GMT-04:00" name="tearDown" finished-at="2022-03-28T14:12:47 GMT-04:00" duration-ms="829" status="PASS">
          <reporter-output>
          </reporter-output>
        </test-method> <!-- tearDown -->
        <test-method is-config="true" signature="setUp()[pri:0, instance:com.pom.qa.testcases.HomePageTest@5ab956d7]" started-at="2022-03-28T14:12:47 GMT-04:00" name="setUp" finished-at="2022-03-28T14:13:03 GMT-04:00" duration-ms="15992" status="PASS">
          <reporter-output>
          </reporter-output>
        </test-method> <!-- setUp -->
        <test-method signature="signoutbtntest()[pri:0, instance:com.pom.qa.testcases.HomePageTest@5ab956d7]" started-at="2022-03-28T14:13:03 GMT-04:00" name="signoutbtntest" finished-at="2022-03-28T14:13:03 GMT-04:00" duration-ms="45" status="PASS">
          <reporter-output>
          </reporter-output>
        </test-method> <!-- signoutbtntest -->
        <test-method is-config="true" signature="tearDown()[pri:0, instance:com.pom.qa.testcases.HomePageTest@5ab956d7]" started-at="2022-03-28T14:13:03 GMT-04:00" name="tearDown" finished-at="2022-03-28T14:13:03 GMT-04:00" duration-ms="664" status="PASS">
          <reporter-output>
          </reporter-output>
        </test-method> <!-- tearDown -->
        <test-method is-config="true" signature="setUp()[pri:0, instance:com.pom.qa.testcases.HomePageTest@5ab956d7]" started-at="2022-03-28T14:13:03 GMT-04:00" name="setUp" finished-at="2022-03-28T14:13:26 GMT-04:00" duration-ms="22399" status="PASS">
          <reporter-output>
          </reporter-output>
        </test-method> <!-- setUp -->
        <test-method signature="verifyUsername()[pri:0, instance:com.pom.qa.testcases.HomePageTest@5ab956d7]" started-at="2022-03-28T14:13:26 GMT-04:00" name="verifyUsername" finished-at="2022-03-28T14:13:26 GMT-04:00" duration-ms="49" status="PASS">
          <reporter-output>
          </reporter-output>
        </test-method> <!-- verifyUsername -->
        <test-method is-config="true" signature="tearDown()[pri:0, instance:com.pom.qa.testcases.HomePageTest@5ab956d7]" started-at="2022-03-28T14:13:26 GMT-04:00" name="tearDown" finished-at="2022-03-28T14:13:27 GMT-04:00" duration-ms="664" status="PASS">
          <reporter-output>
          </reporter-output>
        </test-method> <!-- tearDown -->
      </class> <!-- com.pom.qa.testcases.HomePageTest -->
      <class name="com.pom.qa.testcases.ForgotPwPageTest">
        <test-method is-config="true" signature="setUp()[pri:0, instance:com.pom.qa.testcases.ForgotPwPageTest@2892d68]" started-at="2022-03-28T14:11:31 GMT-04:00" name="setUp" finished-at="2022-03-28T14:11:49 GMT-04:00" duration-ms="18106" status="PASS">
          <reporter-output>
          </reporter-output>
        </test-method> <!-- setUp -->
        <test-method signature="BackButtonverify()[pri:0, instance:com.pom.qa.testcases.ForgotPwPageTest@2892d68]" started-at="2022-03-28T14:11:49 GMT-04:00" name="BackButtonverify" finished-at="2022-03-28T14:11:49 GMT-04:00" duration-ms="39" status="PASS">
          <reporter-output>
          </reporter-output>
        </test-method> <!-- BackButtonverify -->
        <test-method is-config="true" signature="tearDown()[pri:0, instance:com.pom.qa.testcases.ForgotPwPageTest@2892d68]" started-at="2022-03-28T14:11:49 GMT-04:00" name="tearDown" finished-at="2022-03-28T14:11:50 GMT-04:00" duration-ms="667" status="PASS">
          <reporter-output>
          </reporter-output>
        </test-method> <!-- tearDown -->
        <test-method is-config="true" signature="setUp()[pri:0, instance:com.pom.qa.testcases.ForgotPwPageTest@2892d68]" started-at="2022-03-28T14:11:50 GMT-04:00" name="setUp" finished-at="2022-03-28T14:12:05 GMT-04:00" duration-ms="15318" status="PASS">
          <reporter-output>
          </reporter-output>
        </test-method> <!-- setUp -->
        <test-method signature="emailboxverify()[pri:0, instance:com.pom.qa.testcases.ForgotPwPageTest@2892d68]" started-at="2022-03-28T14:12:05 GMT-04:00" name="emailboxverify" finished-at="2022-03-28T14:12:05 GMT-04:00" duration-ms="40" status="PASS">
          <reporter-output>
          </reporter-output>
        </test-method> <!-- emailboxverify -->
        <test-method is-config="true" signature="tearDown()[pri:0, instance:com.pom.qa.testcases.ForgotPwPageTest@2892d68]" started-at="2022-03-28T14:12:05 GMT-04:00" name="tearDown" finished-at="2022-03-28T14:12:06 GMT-04:00" duration-ms="672" status="PASS">
          <reporter-output>
          </reporter-output>
        </test-method> <!-- tearDown -->
        <test-method is-config="true" signature="setUp()[pri:0, instance:com.pom.qa.testcases.ForgotPwPageTest@2892d68]" started-at="2022-03-28T14:12:06 GMT-04:00" name="setUp" finished-at="2022-03-28T14:12:22 GMT-04:00" duration-ms="16393" status="PASS">
          <reporter-output>
          </reporter-output>
        </test-method> <!-- setUp -->
        <test-method signature="forgotpwstextverify()[pri:0, instance:com.pom.qa.testcases.ForgotPwPageTest@2892d68]" started-at="2022-03-28T14:12:22 GMT-04:00" name="forgotpwstextverify" finished-at="2022-03-28T14:12:22 GMT-04:00" duration-ms="36" status="PASS">
          <reporter-output>
          </reporter-output>
        </test-method> <!-- forgotpwstextverify -->
        <test-method is-config="true" signature="tearDown()[pri:0, instance:com.pom.qa.testcases.ForgotPwPageTest@2892d68]" started-at="2022-03-28T14:12:22 GMT-04:00" name="tearDown" finished-at="2022-03-28T14:12:23 GMT-04:00" duration-ms="671" status="PASS">
          <reporter-output>
          </reporter-output>
        </test-method> <!-- tearDown -->
      </class> <!-- com.pom.qa.testcases.ForgotPwPageTest -->
    </test> <!-- POM Test -->
  </suite> <!-- POM Suite -->
</testng-results>
